[2022-06-15T17:50:34.399547+00:00] magephp.DEBUG: Environment: production [] []
[2022-06-15T17:50:34.401433+00:00] magephp.DEBUG: Release ID: 20220615175034 [] []
[2022-06-15T17:50:34.402552+00:00] magephp.DEBUG: Running task [Composer] Install (composer/install) [] []
[2022-06-15T17:50:34.402838+00:00] magephp.INFO: composer install --optimize-autoloader [] []
[2022-06-15T17:50:37.964198+00:00] magephp.DEBUG: Discovered Package: [32mlaravel/sail[39m Discovered Package: [32mlaravel/sanctum[39m Discovered Package: [32mlaravel/tinker[39m Discovered Package: [32mnesbot/carbon[39m Discovered Package: [32mnunomaduro/collision[39m Discovered Package: [32mspatie/laravel-ignition[39m [32mPackage manifest generated successfully.[39m  [] []
[2022-06-15T17:50:37.964569+00:00] magephp.DEBUG: Task [Composer] Install (composer/install) finished with OK [] []
[2022-06-15T17:50:37.964857+00:00] magephp.DEBUG: Running task [Composer] Dump Autoload (composer/dump-autoload) [] []
[2022-06-15T17:50:37.965154+00:00] magephp.INFO: composer dump-autoload --optimize [] []
[2022-06-15T17:50:41.919680+00:00] magephp.DEBUG: Generating optimized autoload files Discovered Package: [32mlaravel/sail[39m Discovered Package: [32mlaravel/sanctum[39m Discovered Package: [32mlaravel/tinker[39m Discovered Package: [32mnesbot/carbon[39m Discovered Package: [32mnunomaduro/collision[39m Discovered Package: [32mspatie/laravel-ignition[39m [32mPackage manifest generated successfully.[39m Generated optimized autoload files containing 5253 classes  [] []
[2022-06-15T17:50:41.920114+00:00] magephp.DEBUG: Task [Composer] Dump Autoload (composer/dump-autoload) finished with OK [] []
[2022-06-15T17:50:41.920403+00:00] magephp.DEBUG: Running task [Deploy] Preparing Tar file (deploy/tar/prepare) [] []
[2022-06-15T17:50:41.920724+00:00] magephp.INFO: tar cfzp /tmp/mageMpxdIS --exclude=".git" --exclude="./var/cache/*" --exclude="./var/log/*" --exclude="./web/app_dev.php" --exclude="./node_modules" --exclude="./storage/app/" --exclude="./storage/logs/" --exclude="./storage/framework/cache/*" --exclude="./storage/framework/sessions/*" --exclude="./storage/framework/views/*" ./ [] []
[2022-06-15T17:50:43.716545+00:00] magephp.DEBUG:  [] []
[2022-06-15T17:50:43.716825+00:00] magephp.DEBUG: Task [Deploy] Preparing Tar file (deploy/tar/prepare) finished with OK [] []
[2022-06-15T17:50:43.717389+00:00] magephp.DEBUG: Running task [Release] Preparing Release (deploy/release/prepare) [] []
[2022-06-15T17:50:43.717678+00:00] magephp.INFO: ssh -p 22 -q -o UserKnownHostsFile=/dev/null -o StrictHostKeyChecking=no -i /var/www/html/deployment/key root@188.166.99.32 "mkdir -p /var/www/myapp/releases/20220615175034" [] []
[2022-06-15T17:50:45.611097+00:00] magephp.DEBUG:  [] []
[2022-06-15T17:50:45.611483+00:00] magephp.DEBUG: Task [Release] Preparing Release (deploy/release/prepare) finished with OK [] []
[2022-06-15T17:50:45.611747+00:00] magephp.DEBUG: Running task [Deploy] Copying files with Tar (deploy/tar/copy) [] []
[2022-06-15T17:50:45.612001+00:00] magephp.INFO: scp -P 22 -q -o UserKnownHostsFile=/dev/null -o StrictHostKeyChecking=no -i /var/www/html/deployment/key /tmp/mageMpxdIS root@188.166.99.32:/var/www/myapp/releases/20220615175034/mageMpxdIS [] []
[2022-06-15T17:50:50.977168+00:00] magephp.DEBUG:  [] []
[2022-06-15T17:50:50.977426+00:00] magephp.INFO: ssh -p 22 -q -o UserKnownHostsFile=/dev/null -o StrictHostKeyChecking=no -i /var/www/html/deployment/key root@188.166.99.32 "cd /var/www/myapp/releases/20220615175034 && tar xfzop mageMpxdIS" [] []
[2022-06-15T17:50:53.386164+00:00] magephp.DEBUG:  [] []
[2022-06-15T17:50:53.387219+00:00] magephp.INFO: ssh -p 22 -q -o UserKnownHostsFile=/dev/null -o StrictHostKeyChecking=no -i /var/www/html/deployment/key root@188.166.99.32 "rm /var/www/myapp/releases/20220615175034/mageMpxdIS" [] []
[2022-06-15T17:50:55.579974+00:00] magephp.DEBUG:  [] []
[2022-06-15T17:50:55.580300+00:00] magephp.DEBUG: Task [Deploy] Copying files with Tar (deploy/tar/copy) finished with OK [] []
[2022-06-15T17:50:55.580855+00:00] magephp.DEBUG: Running task [Release] Creating Symlink (deploy/release) [] []
[2022-06-15T17:50:55.581149+00:00] magephp.INFO: ssh -p 22 -q -o UserKnownHostsFile=/dev/null -o StrictHostKeyChecking=no -i /var/www/html/deployment/key root@188.166.99.32 "cd /var/www/myapp && ln -snf releases/20220615175034 current" [] []
[2022-06-15T17:50:57.257562+00:00] magephp.DEBUG:  [] []
[2022-06-15T17:50:57.258268+00:00] magephp.DEBUG: Task [Release] Creating Symlink (deploy/release) finished with OK [] []
[2022-06-15T17:50:57.259556+00:00] magephp.DEBUG: Running task [Release] Cleaning up old Releases (deploy/release/cleanup) [] []
[2022-06-15T17:50:57.260107+00:00] magephp.INFO: ssh -p 22 -q -o UserKnownHostsFile=/dev/null -o StrictHostKeyChecking=no -i /var/www/html/deployment/key root@188.166.99.32 "ls -1 /var/www/myapp/releases" [] []
[2022-06-15T17:50:57.358068+00:00] magephp.DEBUG:  [] []
[2022-06-15T17:50:57.358361+00:00] magephp.ERROR:  [] []
[2022-06-15T17:50:57.358739+00:00] magephp.DEBUG: Task [Release] Cleaning up old Releases (deploy/release/cleanup) finished with FAIL [] []
