[2022-06-15T18:57:25.989909+00:00] magephp.DEBUG: Environment: production [] []
[2022-06-15T18:57:25.991762+00:00] magephp.DEBUG: Release ID: 20220615185725 [] []
[2022-06-15T18:57:25.992881+00:00] magephp.DEBUG: Running task [Composer] Install (composer/install) [] []
[2022-06-15T18:57:25.993455+00:00] magephp.INFO: composer install --optimize-autoloader [] []
[2022-06-15T18:57:29.579058+00:00] magephp.DEBUG: Discovered Package: [32mlaravel/sail[39m Discovered Package: [32mlaravel/sanctum[39m Discovered Package: [32mlaravel/tinker[39m Discovered Package: [32mnesbot/carbon[39m Discovered Package: [32mnunomaduro/collision[39m Discovered Package: [32mspatie/laravel-ignition[39m [32mPackage manifest generated successfully.[39m  [] []
[2022-06-15T18:57:29.579340+00:00] magephp.DEBUG: Task [Composer] Install (composer/install) finished with OK [] []
[2022-06-15T18:57:29.579512+00:00] magephp.DEBUG: Running task [Composer] Dump Autoload (composer/dump-autoload) [] []
[2022-06-15T18:57:29.579747+00:00] magephp.INFO: composer dump-autoload --optimize [] []
[2022-06-15T18:57:33.056693+00:00] magephp.DEBUG: Generating optimized autoload files Discovered Package: [32mlaravel/sail[39m Discovered Package: [32mlaravel/sanctum[39m Discovered Package: [32mlaravel/tinker[39m Discovered Package: [32mnesbot/carbon[39m Discovered Package: [32mnunomaduro/collision[39m Discovered Package: [32mspatie/laravel-ignition[39m [32mPackage manifest generated successfully.[39m Generated optimized autoload files containing 5253 classes  [] []
[2022-06-15T18:57:33.056999+00:00] magephp.DEBUG: Task [Composer] Dump Autoload (composer/dump-autoload) finished with OK [] []
[2022-06-15T18:57:33.057221+00:00] magephp.DEBUG: Running task [Deploy] Preparing Tar file (deploy/tar/prepare) [] []
[2022-06-15T18:57:33.057580+00:00] magephp.INFO: tar cfzp /tmp/mageGVFcRV --exclude=".git" --exclude="./var/cache/*" --exclude="./var/log/*" --exclude="./web/app_dev.php" --exclude="./node_modules" --exclude="./storage/app/" --exclude="./storage/logs/" --exclude="./storage/framework/cache/*" --exclude="./storage/framework/sessions/*" --exclude="./storage/framework/views/*" ./ [] []
[2022-06-15T18:57:35.041047+00:00] magephp.DEBUG:  [] []
[2022-06-15T18:57:35.041378+00:00] magephp.DEBUG: Task [Deploy] Preparing Tar file (deploy/tar/prepare) finished with OK [] []
[2022-06-15T18:57:35.041926+00:00] magephp.DEBUG: Running task [Release] Preparing Release (deploy/release/prepare) [] []
[2022-06-15T18:57:35.042253+00:00] magephp.INFO: ssh -p 22 -q -o UserKnownHostsFile=/dev/null -o StrictHostKeyChecking=no -i /var/www/html/deployment/key root@188.166.99.32 "mkdir -p /var/www/releases/20220615185725" [] []
[2022-06-15T18:57:37.669310+00:00] magephp.DEBUG:  [] []
[2022-06-15T18:57:37.669676+00:00] magephp.DEBUG: Task [Release] Preparing Release (deploy/release/prepare) finished with OK [] []
[2022-06-15T18:57:37.669972+00:00] magephp.DEBUG: Running task [Deploy] Copying files with Tar (deploy/tar/copy) [] []
[2022-06-15T18:57:37.670248+00:00] magephp.INFO: scp -P 22 -q -o UserKnownHostsFile=/dev/null -o StrictHostKeyChecking=no -i /var/www/html/deployment/key /tmp/mageGVFcRV root@188.166.99.32:/var/www/releases/20220615185725/mageGVFcRV [] []
[2022-06-15T18:57:44.263972+00:00] magephp.DEBUG:  [] []
[2022-06-15T18:57:44.265321+00:00] magephp.INFO: ssh -p 22 -q -o UserKnownHostsFile=/dev/null -o StrictHostKeyChecking=no -i /var/www/html/deployment/key root@188.166.99.32 "cd /var/www/releases/20220615185725 && tar xfzop mageGVFcRV" [] []
[2022-06-15T18:57:46.674559+00:00] magephp.DEBUG:  [] []
[2022-06-15T18:57:46.676065+00:00] magephp.INFO: ssh -p 22 -q -o UserKnownHostsFile=/dev/null -o StrictHostKeyChecking=no -i /var/www/html/deployment/key root@188.166.99.32 "rm /var/www/releases/20220615185725/mageGVFcRV" [] []
[2022-06-15T18:57:48.601001+00:00] magephp.DEBUG:  [] []
[2022-06-15T18:57:48.601305+00:00] magephp.DEBUG: Task [Deploy] Copying files with Tar (deploy/tar/copy) finished with OK [] []
