[2022-06-16T16:55:39.712924+00:00] magephp.DEBUG: Environment: production [] []
[2022-06-16T16:55:39.716804+00:00] magephp.DEBUG: Release ID: 20220616165539 [] []
[2022-06-16T16:55:39.718015+00:00] magephp.DEBUG: Running task [Composer] Install (composer/install) [] []
[2022-06-16T16:55:39.718222+00:00] magephp.INFO: composer install --optimize-autoloader [] []
[2022-06-16T16:55:46.347246+00:00] magephp.DEBUG: Discovered Package: [32mlaravel/sail[39m Discovered Package: [32mlaravel/sanctum[39m Discovered Package: [32mlaravel/tinker[39m Discovered Package: [32mnesbot/carbon[39m Discovered Package: [32mnunomaduro/collision[39m Discovered Package: [32mspatie/laravel-ignition[39m [32mPackage manifest generated successfully.[39m  [] []
[2022-06-16T16:55:46.347635+00:00] magephp.DEBUG: Task [Composer] Install (composer/install) finished with OK [] []
[2022-06-16T16:55:46.347892+00:00] magephp.DEBUG: Running task [Composer] Dump Autoload (composer/dump-autoload) [] []
[2022-06-16T16:55:46.348091+00:00] magephp.INFO: composer dump-autoload --optimize [] []
[2022-06-16T16:55:49.996932+00:00] magephp.DEBUG: Generating optimized autoload files Discovered Package: [32mlaravel/sail[39m Discovered Package: [32mlaravel/sanctum[39m Discovered Package: [32mlaravel/tinker[39m Discovered Package: [32mnesbot/carbon[39m Discovered Package: [32mnunomaduro/collision[39m Discovered Package: [32mspatie/laravel-ignition[39m [32mPackage manifest generated successfully.[39m Generated optimized autoload files containing 5253 classes  [] []
[2022-06-16T16:55:49.997265+00:00] magephp.DEBUG: Task [Composer] Dump Autoload (composer/dump-autoload) finished with OK [] []
[2022-06-16T16:55:49.997521+00:00] magephp.DEBUG: Running task [Deploy] Preparing Tar file (deploy/tar/prepare) [] []
[2022-06-16T16:55:49.997827+00:00] magephp.INFO: tar cfzp /tmp/mageR4nLaK --exclude=".git" --exclude="./var/cache/*" --exclude="./var/log/*" --exclude="./web/app_dev.php" --exclude="./node_modules" --exclude="./storage/app/" --exclude="./storage/logs/" --exclude="./storage/framework/cache/*" --exclude="./storage/framework/sessions/*" --exclude="./storage/framework/views/*" ./ [] []
[2022-06-16T16:55:52.527653+00:00] magephp.DEBUG:  [] []
[2022-06-16T16:55:52.527920+00:00] magephp.DEBUG: Task [Deploy] Preparing Tar file (deploy/tar/prepare) finished with OK [] []
[2022-06-16T16:55:52.528569+00:00] magephp.DEBUG: Running task [Release] Preparing Release (deploy/release/prepare) [] []
[2022-06-16T16:55:52.528996+00:00] magephp.INFO: ssh -p 22 -q -o UserKnownHostsFile=/dev/null -o StrictHostKeyChecking=no -i /var/www/html/deployment/key root@188.166.99.32 "mkdir -p /var/www/releases/20220616165539" [] []
[2022-06-16T16:55:55.390345+00:00] magephp.DEBUG:  [] []
[2022-06-16T16:55:55.390946+00:00] magephp.DEBUG: Task [Release] Preparing Release (deploy/release/prepare) finished with OK [] []
[2022-06-16T16:55:55.391575+00:00] magephp.DEBUG: Running task [Deploy] Copying files with Tar (deploy/tar/copy) [] []
[2022-06-16T16:55:55.392265+00:00] magephp.INFO: scp -P 22 -q -o UserKnownHostsFile=/dev/null -o StrictHostKeyChecking=no -i /var/www/html/deployment/key /tmp/mageR4nLaK root@188.166.99.32:/var/www/releases/20220616165539/mageR4nLaK [] []
[2022-06-16T16:56:01.759703+00:00] magephp.DEBUG:  [] []
[2022-06-16T16:56:01.761147+00:00] magephp.INFO: ssh -p 22 -q -o UserKnownHostsFile=/dev/null -o StrictHostKeyChecking=no -i /var/www/html/deployment/key root@188.166.99.32 "cd /var/www/releases/20220616165539 && tar xfzop mageR4nLaK" [] []
[2022-06-16T16:56:04.218292+00:00] magephp.DEBUG:  [] []
[2022-06-16T16:56:04.218708+00:00] magephp.INFO: ssh -p 22 -q -o UserKnownHostsFile=/dev/null -o StrictHostKeyChecking=no -i /var/www/html/deployment/key root@188.166.99.32 "rm /var/www/releases/20220616165539/mageR4nLaK" [] []
[2022-06-16T16:56:05.754806+00:00] magephp.DEBUG:  [] []
[2022-06-16T16:56:05.755242+00:00] magephp.DEBUG: Task [Deploy] Copying files with Tar (deploy/tar/copy) finished with OK [] []
[2022-06-16T16:56:05.755616+00:00] magephp.DEBUG: Running task [FS] Copy "/var/www/shared/.env" to ".env" (fs/copy) [] []
[2022-06-16T16:56:05.755924+00:00] magephp.INFO: ssh -p 22 -q -o UserKnownHostsFile=/dev/null -o StrictHostKeyChecking=no -i /var/www/html/deployment/key root@188.166.99.32 "cd /var/www/releases/20220616165539 && cp -p \"/var/www/shared/.env\" \".env\"" [] []
[2022-06-16T16:56:07.400759+00:00] magephp.DEBUG:  [] []
[2022-06-16T16:56:07.401080+00:00] magephp.DEBUG: Task [FS] Copy "/var/www/shared/.env" to ".env" (fs/copy) finished with OK [] []
[2022-06-16T16:56:07.401448+00:00] magephp.DEBUG: Running task [Release] Creating Symlink (deploy/release) [] []
[2022-06-16T16:56:07.401802+00:00] magephp.INFO: ssh -p 22 -q -o UserKnownHostsFile=/dev/null -o StrictHostKeyChecking=no -i /var/www/html/deployment/key root@188.166.99.32 "cd /var/www && ln -snf releases/20220616165539 laravel" [] []
[2022-06-16T16:56:08.819392+00:00] magephp.DEBUG:  [] []
[2022-06-16T16:56:08.819732+00:00] magephp.DEBUG: Task [Release] Creating Symlink (deploy/release) finished with OK [] []
[2022-06-16T16:56:08.820257+00:00] magephp.DEBUG: Running task [Release] Cleaning up old Releases (deploy/release/cleanup) [] []
[2022-06-16T16:56:08.820466+00:00] magephp.INFO: ssh -p 22 -q -o UserKnownHostsFile=/dev/null -o StrictHostKeyChecking=no -i /var/www/html/deployment/key root@188.166.99.32 "ls -1 /var/www/releases" [] []
[2022-06-16T16:56:10.442935+00:00] magephp.DEBUG: 20220615182657 20220615183001 20220615185725 20220615185853 20220615185919 20220615190022 20220615190403 20220616165539  [] []
[2022-06-16T16:56:10.443303+00:00] magephp.DEBUG: Task [Release] Cleaning up old Releases (deploy/release/cleanup) finished with OK [] []
[2022-06-16T16:56:10.443658+00:00] magephp.DEBUG: Running task [Deploy] Cleanup Tar file (deploy/tar/cleanup) [] []
[2022-06-16T16:56:10.443773+00:00] magephp.INFO: rm /tmp/mageR4nLaK [] []
[2022-06-16T16:56:10.457089+00:00] magephp.DEBUG:  [] []
[2022-06-16T16:56:10.457577+00:00] magephp.DEBUG: Task [Deploy] Cleanup Tar file (deploy/tar/cleanup) finished with OK [] []
