[2022-06-16T17:45:42.556534+00:00] magephp.DEBUG: Environment: production [] []
[2022-06-16T17:45:42.558134+00:00] magephp.DEBUG: Release ID: 20220616174542 [] []
[2022-06-16T17:45:42.558843+00:00] magephp.DEBUG: Running task [Composer] Install (composer/install) [] []
[2022-06-16T17:45:42.559051+00:00] magephp.INFO: composer install --optimize-autoloader [] []
[2022-06-16T17:45:46.835049+00:00] magephp.DEBUG: Discovered Package: [32mlaravel/sail[39m Discovered Package: [32mlaravel/sanctum[39m Discovered Package: [32mlaravel/tinker[39m Discovered Package: [32mnesbot/carbon[39m Discovered Package: [32mnunomaduro/collision[39m Discovered Package: [32mspatie/laravel-ignition[39m [32mPackage manifest generated successfully.[39m  [] []
[2022-06-16T17:45:46.835757+00:00] magephp.DEBUG: Task [Composer] Install (composer/install) finished with OK [] []
[2022-06-16T17:45:46.836296+00:00] magephp.DEBUG: Running task [Composer] Dump Autoload (composer/dump-autoload) [] []
[2022-06-16T17:45:46.836683+00:00] magephp.INFO: composer dump-autoload --optimize [] []
[2022-06-16T17:45:51.018891+00:00] magephp.DEBUG: Generating optimized autoload files Discovered Package: [32mlaravel/sail[39m Discovered Package: [32mlaravel/sanctum[39m Discovered Package: [32mlaravel/tinker[39m Discovered Package: [32mnesbot/carbon[39m Discovered Package: [32mnunomaduro/collision[39m Discovered Package: [32mspatie/laravel-ignition[39m [32mPackage manifest generated successfully.[39m Generated optimized autoload files containing 5254 classes  [] []
[2022-06-16T17:45:51.019216+00:00] magephp.DEBUG: Task [Composer] Dump Autoload (composer/dump-autoload) finished with OK [] []
[2022-06-16T17:45:51.019476+00:00] magephp.DEBUG: Running task [Deploy] Preparing Tar file (deploy/tar/prepare) [] []
[2022-06-16T17:45:51.019835+00:00] magephp.INFO: tar cfzp /tmp/mageAwrJAU --exclude=".git" --exclude="./var/cache/*" --exclude="./var/log/*" --exclude="./web/app_dev.php" --exclude="./node_modules" --exclude="./storage/app/" --exclude="./storage/logs/" --exclude="./storage/framework/cache/*" --exclude="./storage/framework/sessions/*" --exclude="./storage/framework/views/*" ./ [] []
[2022-06-16T17:45:53.511136+00:00] magephp.DEBUG:  [] []
[2022-06-16T17:45:53.511436+00:00] magephp.DEBUG: Task [Deploy] Preparing Tar file (deploy/tar/prepare) finished with OK [] []
[2022-06-16T17:45:53.511814+00:00] magephp.DEBUG: Running task [Release] Preparing Release (deploy/release/prepare) [] []
[2022-06-16T17:45:53.512939+00:00] magephp.INFO: ssh -p 22 -q -o UserKnownHostsFile=/dev/null -o StrictHostKeyChecking=no -i /var/www/html/deployment/key root@188.166.99.32 "mkdir -p /var/www/releases/20220616174542" [] []
[2022-06-16T17:45:55.048062+00:00] magephp.DEBUG:  [] []
[2022-06-16T17:45:55.048385+00:00] magephp.DEBUG: Task [Release] Preparing Release (deploy/release/prepare) finished with OK [] []
[2022-06-16T17:45:55.048573+00:00] magephp.DEBUG: Running task [Deploy] Copying files with Tar (deploy/tar/copy) [] []
[2022-06-16T17:45:55.048865+00:00] magephp.INFO: scp -P 22 -q -o UserKnownHostsFile=/dev/null -o StrictHostKeyChecking=no -i /var/www/html/deployment/key /tmp/mageAwrJAU root@188.166.99.32:/var/www/releases/20220616174542/mageAwrJAU [] []
[2022-06-16T17:46:00.678613+00:00] magephp.DEBUG:  [] []
[2022-06-16T17:46:00.678970+00:00] magephp.INFO: ssh -p 22 -q -o UserKnownHostsFile=/dev/null -o StrictHostKeyChecking=no -i /var/www/html/deployment/key root@188.166.99.32 "cd /var/www/releases/20220616174542 && tar xfzop mageAwrJAU" [] []
[2022-06-16T17:46:03.156737+00:00] magephp.DEBUG:  [] []
[2022-06-16T17:46:03.157193+00:00] magephp.INFO: ssh -p 22 -q -o UserKnownHostsFile=/dev/null -o StrictHostKeyChecking=no -i /var/www/html/deployment/key root@188.166.99.32 "rm /var/www/releases/20220616174542/mageAwrJAU" [] []
[2022-06-16T17:46:04.845536+00:00] magephp.DEBUG:  [] []
[2022-06-16T17:46:04.846103+00:00] magephp.DEBUG: Task [Deploy] Copying files with Tar (deploy/tar/copy) finished with OK [] []
[2022-06-16T17:46:04.846449+00:00] magephp.DEBUG: Running task [FS] Copy "/var/www/shared/.env" to ".env" (fs/copy) [] []
[2022-06-16T17:46:04.846935+00:00] magephp.INFO: ssh -p 22 -q -o UserKnownHostsFile=/dev/null -o StrictHostKeyChecking=no -i /var/www/html/deployment/key root@188.166.99.32 "cd /var/www/releases/20220616174542 && cp -p \"/var/www/shared/.env\" \".env\"" [] []
[2022-06-16T17:46:06.505145+00:00] magephp.DEBUG:  [] []
[2022-06-16T17:46:06.505462+00:00] magephp.DEBUG: Task [FS] Copy "/var/www/shared/.env" to ".env" (fs/copy) finished with OK [] []
[2022-06-16T17:46:06.505786+00:00] magephp.DEBUG: Running task [Release] Creating Symlink (deploy/release) [] []
[2022-06-16T17:46:06.506003+00:00] magephp.INFO: ssh -p 22 -q -o UserKnownHostsFile=/dev/null -o StrictHostKeyChecking=no -i /var/www/html/deployment/key root@188.166.99.32 "cd /var/www && ln -snf releases/20220616174542 laravel" [] []
[2022-06-16T17:46:08.065999+00:00] magephp.DEBUG:  [] []
[2022-06-16T17:46:08.066463+00:00] magephp.DEBUG: Task [Release] Creating Symlink (deploy/release) finished with OK [] []
[2022-06-16T17:46:08.067105+00:00] magephp.DEBUG: Running task [Release] Cleaning up old Releases (deploy/release/cleanup) [] []
[2022-06-16T17:46:08.067422+00:00] magephp.INFO: ssh -p 22 -q -o UserKnownHostsFile=/dev/null -o StrictHostKeyChecking=no -i /var/www/html/deployment/key root@188.166.99.32 "ls -1 /var/www/releases" [] []
[2022-06-16T17:46:09.664478+00:00] magephp.DEBUG: 20220615182657 20220615183001 20220615185725 20220615185853 20220615185919 20220615190022 20220615190403 20220616165539 20220616174542  [] []
[2022-06-16T17:46:09.665094+00:00] magephp.DEBUG: Task [Release] Cleaning up old Releases (deploy/release/cleanup) finished with OK [] []
[2022-06-16T17:46:09.666527+00:00] magephp.DEBUG: Running task [Deploy] Cleanup Tar file (deploy/tar/cleanup) [] []
[2022-06-16T17:46:09.667153+00:00] magephp.INFO: rm /tmp/mageAwrJAU [] []
[2022-06-16T17:46:09.675943+00:00] magephp.DEBUG:  [] []
[2022-06-16T17:46:09.676225+00:00] magephp.DEBUG: Task [Deploy] Cleanup Tar file (deploy/tar/cleanup) finished with OK [] []
