[2022-06-15T17:48:36.611396+00:00] magephp.DEBUG: Environment: production [] []
[2022-06-15T17:48:36.613169+00:00] magephp.DEBUG: Release ID: 20220615174836 [] []
[2022-06-15T17:48:36.614179+00:00] magephp.DEBUG: Running task [Composer] Install (composer/install) [] []
[2022-06-15T17:48:36.614371+00:00] magephp.INFO: composer install --optimize-autoloader [] []
[2022-06-15T17:48:40.137193+00:00] magephp.DEBUG: Discovered Package: [32mlaravel/sail[39m Discovered Package: [32mlaravel/sanctum[39m Discovered Package: [32mlaravel/tinker[39m Discovered Package: [32mnesbot/carbon[39m Discovered Package: [32mnunomaduro/collision[39m Discovered Package: [32mspatie/laravel-ignition[39m [32mPackage manifest generated successfully.[39m  [] []
[2022-06-15T17:48:40.137555+00:00] magephp.DEBUG: Task [Composer] Install (composer/install) finished with OK [] []
[2022-06-15T17:48:40.137723+00:00] magephp.DEBUG: Running task [Composer] Dump Autoload (composer/dump-autoload) [] []
[2022-06-15T17:48:40.137925+00:00] magephp.INFO: composer dump-autoload --optimize [] []
[2022-06-15T17:48:43.479635+00:00] magephp.DEBUG: Generating optimized autoload files Discovered Package: [32mlaravel/sail[39m Discovered Package: [32mlaravel/sanctum[39m Discovered Package: [32mlaravel/tinker[39m Discovered Package: [32mnesbot/carbon[39m Discovered Package: [32mnunomaduro/collision[39m Discovered Package: [32mspatie/laravel-ignition[39m [32mPackage manifest generated successfully.[39m Generated optimized autoload files containing 5253 classes  [] []
[2022-06-15T17:48:43.479913+00:00] magephp.DEBUG: Task [Composer] Dump Autoload (composer/dump-autoload) finished with OK [] []
[2022-06-15T17:48:43.480103+00:00] magephp.DEBUG: Running task [Deploy] Preparing Tar file (deploy/tar/prepare) [] []
[2022-06-15T17:48:43.480413+00:00] magephp.INFO: tar cfzp /tmp/mageMMjGLk --exclude=".git" --exclude="./var/cache/*" --exclude="./var/log/*" --exclude="./web/app_dev.php" --exclude="./node_modules" --exclude="./storage/app/" --exclude="./storage/logs/" --exclude="./storage/framework/cache/*" --exclude="./storage/framework/sessions/*" --exclude="./storage/framework/views/*" ./ [] []
[2022-06-15T17:48:45.351171+00:00] magephp.DEBUG:  [] []
[2022-06-15T17:48:45.351633+00:00] magephp.DEBUG: Task [Deploy] Preparing Tar file (deploy/tar/prepare) finished with OK [] []
[2022-06-15T17:48:45.352143+00:00] magephp.DEBUG: Running task [Release] Preparing Release (deploy/release/prepare) [] []
[2022-06-15T17:48:45.352414+00:00] magephp.INFO: ssh -p 22 -q -o UserKnownHostsFile=/dev/null -o StrictHostKeyChecking=no -i /var/www/html/deployment/key root@188.166.99.32 "mkdir -p /var/www/myapp/releases/20220615174836" [] []
[2022-06-15T17:48:47.126239+00:00] magephp.DEBUG:  [] []
[2022-06-15T17:48:47.126643+00:00] magephp.DEBUG: Task [Release] Preparing Release (deploy/release/prepare) finished with OK [] []
[2022-06-15T17:48:47.126832+00:00] magephp.DEBUG: Running task [Deploy] Copying files with Tar (deploy/tar/copy) [] []
[2022-06-15T17:48:47.127107+00:00] magephp.INFO: scp -P 22 -q -o UserKnownHostsFile=/dev/null -o StrictHostKeyChecking=no -i /var/www/html/deployment/key /tmp/mageMMjGLk root@188.166.99.32:/var/www/myapp/releases/20220615174836/mageMMjGLk [] []
[2022-06-15T17:48:52.788911+00:00] magephp.DEBUG:  [] []
[2022-06-15T17:48:52.789229+00:00] magephp.INFO: ssh -p 22 -q -o UserKnownHostsFile=/dev/null -o StrictHostKeyChecking=no -i /var/www/html/deployment/key root@188.166.99.32 "cd /var/www/myapp/releases/20220615174836 && tar xfzop mageMMjGLk" [] []
[2022-06-15T17:48:55.167319+00:00] magephp.DEBUG:  [] []
[2022-06-15T17:48:55.168252+00:00] magephp.INFO: ssh -p 22 -q -o UserKnownHostsFile=/dev/null -o StrictHostKeyChecking=no -i /var/www/html/deployment/key root@188.166.99.32 "rm /var/www/myapp/releases/20220615174836/mageMMjGLk" [] []
[2022-06-15T17:48:57.311080+00:00] magephp.DEBUG:  [] []
[2022-06-15T17:48:57.311375+00:00] magephp.DEBUG: Task [Deploy] Copying files with Tar (deploy/tar/copy) finished with OK [] []
[2022-06-15T17:48:57.311683+00:00] magephp.DEBUG: Running task [Release] Creating Symlink (deploy/release) [] []
[2022-06-15T17:48:57.311920+00:00] magephp.INFO: ssh -p 22 -q -o UserKnownHostsFile=/dev/null -o StrictHostKeyChecking=no -i /var/www/html/deployment/key root@188.166.99.32 "cd /var/www/myapp && ln -snf releases/20220615174836 current" [] []
[2022-06-15T17:48:58.797734+00:00] magephp.DEBUG:  [] []
[2022-06-15T17:48:58.798010+00:00] magephp.DEBUG: Task [Release] Creating Symlink (deploy/release) finished with OK [] []
[2022-06-15T17:48:58.798361+00:00] magephp.DEBUG: Running task [Release] Cleaning up old Releases (deploy/release/cleanup) [] []
[2022-06-15T17:48:58.798547+00:00] magephp.INFO: ssh -p 22 -q -o UserKnownHostsFile=/dev/null -o StrictHostKeyChecking=no -i /var/www/html/deployment/key root@188.166.99.32 "ls -1 /var/www/myapp/releases" [] []
[2022-06-15T17:48:58.882434+00:00] magephp.DEBUG:  [] []
[2022-06-15T17:48:58.882758+00:00] magephp.ERROR:  [] []
[2022-06-15T17:48:58.883215+00:00] magephp.DEBUG: Task [Release] Cleaning up old Releases (deploy/release/cleanup) finished with FAIL [] []
