[2022-06-16T18:38:33.020206+00:00] magephp.DEBUG: Environment: production [] []
[2022-06-16T18:38:33.023224+00:00] magephp.DEBUG: Release ID: 20220616183833 [] []
[2022-06-16T18:38:33.024104+00:00] magephp.DEBUG: Running task [Composer] Install (composer/install) [] []
[2022-06-16T18:38:33.024317+00:00] magephp.INFO: composer install --optimize-autoloader [] []
[2022-06-16T18:38:38.940820+00:00] magephp.DEBUG: Discovered Package: [32mlaravel/sail[39m Discovered Package: [32mlaravel/sanctum[39m Discovered Package: [32mlaravel/tinker[39m Discovered Package: [32mnesbot/carbon[39m Discovered Package: [32mnunomaduro/collision[39m Discovered Package: [32mspatie/laravel-ignition[39m [32mPackage manifest generated successfully.[39m  [] []
[2022-06-16T18:38:38.941086+00:00] magephp.DEBUG: Task [Composer] Install (composer/install) finished with OK [] []
[2022-06-16T18:38:38.941267+00:00] magephp.DEBUG: Running task [Composer] Dump Autoload (composer/dump-autoload) [] []
[2022-06-16T18:38:38.941407+00:00] magephp.INFO: composer dump-autoload --optimize [] []
[2022-06-16T18:38:42.355576+00:00] magephp.DEBUG: Generating optimized autoload files Discovered Package: [32mlaravel/sail[39m Discovered Package: [32mlaravel/sanctum[39m Discovered Package: [32mlaravel/tinker[39m Discovered Package: [32mnesbot/carbon[39m Discovered Package: [32mnunomaduro/collision[39m Discovered Package: [32mspatie/laravel-ignition[39m [32mPackage manifest generated successfully.[39m Generated optimized autoload files containing 5254 classes  [] []
[2022-06-16T18:38:42.355844+00:00] magephp.DEBUG: Task [Composer] Dump Autoload (composer/dump-autoload) finished with OK [] []
[2022-06-16T18:38:42.355969+00:00] magephp.DEBUG: Running task [Deploy] Preparing Tar file (deploy/tar/prepare) [] []
[2022-06-16T18:38:42.356182+00:00] magephp.INFO: tar cfzp /tmp/magew7Nj0g --exclude=".git" --exclude="./var/cache/*" --exclude="./var/log/*" --exclude="./web/app_dev.php" --exclude="./node_modules" --exclude="./storage/app/" --exclude="./storage/logs/" --exclude="./storage/framework/cache/*" --exclude="./storage/framework/sessions/*" --exclude="./storage/framework/views/*" ./ [] []
[2022-06-16T18:38:44.606178+00:00] magephp.DEBUG:  [] []
[2022-06-16T18:38:44.606385+00:00] magephp.DEBUG: Task [Deploy] Preparing Tar file (deploy/tar/prepare) finished with OK [] []
[2022-06-16T18:38:44.606837+00:00] magephp.DEBUG: Running task [Release] Preparing Release (deploy/release/prepare) [] []
[2022-06-16T18:38:44.607129+00:00] magephp.INFO: ssh -p 22 -q -o UserKnownHostsFile=/dev/null -o StrictHostKeyChecking=no -i /var/www/html/deployment/key root@188.166.99.32 "mkdir -p /var/www/releases/20220616183833" [] []
[2022-06-16T18:38:46.091569+00:00] magephp.DEBUG:  [] []
[2022-06-16T18:38:46.091950+00:00] magephp.DEBUG: Task [Release] Preparing Release (deploy/release/prepare) finished with OK [] []
[2022-06-16T18:38:46.092205+00:00] magephp.DEBUG: Running task [Deploy] Copying files with Tar (deploy/tar/copy) [] []
[2022-06-16T18:38:46.092497+00:00] magephp.INFO: scp -P 22 -q -o UserKnownHostsFile=/dev/null -o StrictHostKeyChecking=no -i /var/www/html/deployment/key /tmp/magew7Nj0g root@188.166.99.32:/var/www/releases/20220616183833/magew7Nj0g [] []
[2022-06-16T18:38:52.523386+00:00] magephp.DEBUG:  [] []
[2022-06-16T18:38:52.524605+00:00] magephp.INFO: ssh -p 22 -q -o UserKnownHostsFile=/dev/null -o StrictHostKeyChecking=no -i /var/www/html/deployment/key root@188.166.99.32 "cd /var/www/releases/20220616183833 && tar xfzop magew7Nj0g" [] []
[2022-06-16T18:38:54.902692+00:00] magephp.DEBUG:  [] []
[2022-06-16T18:38:54.903639+00:00] magephp.INFO: ssh -p 22 -q -o UserKnownHostsFile=/dev/null -o StrictHostKeyChecking=no -i /var/www/html/deployment/key root@188.166.99.32 "rm /var/www/releases/20220616183833/magew7Nj0g" [] []
[2022-06-16T18:38:56.768650+00:00] magephp.DEBUG:  [] []
[2022-06-16T18:38:56.768952+00:00] magephp.DEBUG: Task [Deploy] Copying files with Tar (deploy/tar/copy) finished with OK [] []
[2022-06-16T18:38:56.769238+00:00] magephp.DEBUG: Running task [FS] Copy "/var/www/shared/.env" to ".env" (fs/copy) [] []
[2022-06-16T18:38:56.769440+00:00] magephp.INFO: ssh -p 22 -q -o UserKnownHostsFile=/dev/null -o StrictHostKeyChecking=no -i /var/www/html/deployment/key root@188.166.99.32 "cd /var/www/releases/20220616183833 && cp -p \"/var/www/shared/.env\" \".env\"" [] []
[2022-06-16T18:38:58.230542+00:00] magephp.DEBUG:  [] []
[2022-06-16T18:38:58.230829+00:00] magephp.DEBUG: Task [FS] Copy "/var/www/shared/.env" to ".env" (fs/copy) finished with OK [] []
[2022-06-16T18:38:58.231081+00:00] magephp.DEBUG: Running task [Release] Creating Symlink (deploy/release) [] []
[2022-06-16T18:38:58.231409+00:00] magephp.INFO: ssh -p 22 -q -o UserKnownHostsFile=/dev/null -o StrictHostKeyChecking=no -i /var/www/html/deployment/key root@188.166.99.32 "cd /var/www && ln -snf releases/20220616183833 laravel" [] []
[2022-06-16T18:38:59.686092+00:00] magephp.DEBUG:  [] []
[2022-06-16T18:38:59.686465+00:00] magephp.DEBUG: Task [Release] Creating Symlink (deploy/release) finished with OK [] []
[2022-06-16T18:38:59.686941+00:00] magephp.DEBUG: Running task [Release] Cleaning up old Releases (deploy/release/cleanup) [] []
[2022-06-16T18:38:59.687179+00:00] magephp.INFO: ssh -p 22 -q -o UserKnownHostsFile=/dev/null -o StrictHostKeyChecking=no -i /var/www/html/deployment/key root@188.166.99.32 "ls -1 /var/www/releases" [] []
[2022-06-16T18:39:01.712651+00:00] magephp.DEBUG: 20220615182657 20220615183001 20220615185725 20220615185853 20220615185919 20220615190022 20220615190403 20220616165539 20220616174542 20220616183833  [] []
[2022-06-16T18:39:01.713119+00:00] magephp.DEBUG: Task [Release] Cleaning up old Releases (deploy/release/cleanup) finished with OK [] []
[2022-06-16T18:39:01.714080+00:00] magephp.DEBUG: Running task [Deploy] Cleanup Tar file (deploy/tar/cleanup) [] []
[2022-06-16T18:39:01.714379+00:00] magephp.INFO: rm /tmp/magew7Nj0g [] []
[2022-06-16T18:39:01.731189+00:00] magephp.DEBUG:  [] []
[2022-06-16T18:39:01.731490+00:00] magephp.DEBUG: Task [Deploy] Cleanup Tar file (deploy/tar/cleanup) finished with OK [] []
