[2022-06-15T18:17:07.175089+00:00] magephp.DEBUG: Environment: production [] []
[2022-06-15T18:17:07.176931+00:00] magephp.DEBUG: Release ID: 20220615181707 [] []
[2022-06-15T18:17:07.177902+00:00] magephp.DEBUG: Running task [Composer] Install (composer/install) [] []
[2022-06-15T18:17:07.178085+00:00] magephp.INFO: composer install --optimize-autoloader [] []
[2022-06-15T18:17:10.741949+00:00] magephp.DEBUG: Discovered Package: [32mlaravel/sail[39m Discovered Package: [32mlaravel/sanctum[39m Discovered Package: [32mlaravel/tinker[39m Discovered Package: [32mnesbot/carbon[39m Discovered Package: [32mnunomaduro/collision[39m Discovered Package: [32mspatie/laravel-ignition[39m [32mPackage manifest generated successfully.[39m  [] []
[2022-06-15T18:17:10.742301+00:00] magephp.DEBUG: Task [Composer] Install (composer/install) finished with OK [] []
[2022-06-15T18:17:10.742487+00:00] magephp.DEBUG: Running task [Composer] Dump Autoload (composer/dump-autoload) [] []
[2022-06-15T18:17:10.742699+00:00] magephp.INFO: composer dump-autoload --optimize [] []
[2022-06-15T18:17:13.980530+00:00] magephp.DEBUG: Generating optimized autoload files Discovered Package: [32mlaravel/sail[39m Discovered Package: [32mlaravel/sanctum[39m Discovered Package: [32mlaravel/tinker[39m Discovered Package: [32mnesbot/carbon[39m Discovered Package: [32mnunomaduro/collision[39m Discovered Package: [32mspatie/laravel-ignition[39m [32mPackage manifest generated successfully.[39m Generated optimized autoload files containing 5253 classes  [] []
[2022-06-15T18:17:13.980856+00:00] magephp.DEBUG: Task [Composer] Dump Autoload (composer/dump-autoload) finished with OK [] []
[2022-06-15T18:17:13.981093+00:00] magephp.DEBUG: Running task [Deploy] Preparing Tar file (deploy/tar/prepare) [] []
[2022-06-15T18:17:13.981378+00:00] magephp.INFO: tar cfzp /tmp/mageTuGSac --exclude=".git" --exclude="./var/cache/*" --exclude="./var/log/*" --exclude="./web/app_dev.php" --exclude="./node_modules" --exclude="./storage/app/" --exclude="./storage/logs/" --exclude="./storage/framework/cache/*" --exclude="./storage/framework/sessions/*" --exclude="./storage/framework/views/*" ./ [] []
[2022-06-15T18:17:15.850410+00:00] magephp.DEBUG:  [] []
[2022-06-15T18:17:15.851834+00:00] magephp.DEBUG: Task [Deploy] Preparing Tar file (deploy/tar/prepare) finished with OK [] []
[2022-06-15T18:17:15.852366+00:00] magephp.DEBUG: Running task [Release] Preparing Release (deploy/release/prepare) [] []
[2022-06-15T18:17:15.852702+00:00] magephp.INFO: ssh -p 22 -q -o UserKnownHostsFile=/dev/null -o StrictHostKeyChecking=no -i /var/www/html/deployment/key root@188.166.99.32 "mkdir -p /var/www/myapp/releases/20220615181707" [] []
[2022-06-15T18:17:17.431028+00:00] magephp.DEBUG:  [] []
[2022-06-15T18:17:17.431416+00:00] magephp.DEBUG: Task [Release] Preparing Release (deploy/release/prepare) finished with OK [] []
[2022-06-15T18:17:17.431787+00:00] magephp.DEBUG: Running task [Deploy] Copying files with Tar (deploy/tar/copy) [] []
[2022-06-15T18:17:17.432093+00:00] magephp.INFO: scp -P 22 -q -o UserKnownHostsFile=/dev/null -o StrictHostKeyChecking=no -i /var/www/html/deployment/key /tmp/mageTuGSac root@188.166.99.32:/var/www/myapp/releases/20220615181707/mageTuGSac [] []
[2022-06-15T18:17:23.962113+00:00] magephp.DEBUG:  [] []
[2022-06-15T18:17:23.962489+00:00] magephp.INFO: ssh -p 22 -q -o UserKnownHostsFile=/dev/null -o StrictHostKeyChecking=no -i /var/www/html/deployment/key root@188.166.99.32 "cd /var/www/myapp/releases/20220615181707 && tar xfzop mageTuGSac" [] []
[2022-06-15T18:17:26.169219+00:00] magephp.DEBUG:  [] []
[2022-06-15T18:17:26.169628+00:00] magephp.INFO: ssh -p 22 -q -o UserKnownHostsFile=/dev/null -o StrictHostKeyChecking=no -i /var/www/html/deployment/key root@188.166.99.32 "rm /var/www/myapp/releases/20220615181707/mageTuGSac" [] []
[2022-06-15T18:17:28.153576+00:00] magephp.DEBUG:  [] []
[2022-06-15T18:17:28.153951+00:00] magephp.DEBUG: Task [Deploy] Copying files with Tar (deploy/tar/copy) finished with OK [] []
[2022-06-15T18:17:28.154368+00:00] magephp.DEBUG: Running task [Release] Creating Symlink (deploy/release) [] []
[2022-06-15T18:17:28.154627+00:00] magephp.INFO: ssh -p 22 -q -o UserKnownHostsFile=/dev/null -o StrictHostKeyChecking=no -i /var/www/html/deployment/key root@188.166.99.32 "cd /var/www/myapp && ln -snf releases/20220615181707 current" [] []
[2022-06-15T18:17:29.716875+00:00] magephp.DEBUG:  [] []
[2022-06-15T18:17:29.717578+00:00] magephp.DEBUG: Task [Release] Creating Symlink (deploy/release) finished with OK [] []
[2022-06-15T18:17:29.718076+00:00] magephp.DEBUG: Running task [Release] Cleaning up old Releases (deploy/release/cleanup) [] []
[2022-06-15T18:17:29.718376+00:00] magephp.INFO: ssh -p 22 -q -o UserKnownHostsFile=/dev/null -o StrictHostKeyChecking=no -i /var/www/html/deployment/key root@188.166.99.32 "ls -1 /var/www/myapp/releases" [] []
[2022-06-15T18:17:29.802116+00:00] magephp.DEBUG:  [] []
[2022-06-15T18:17:29.802298+00:00] magephp.ERROR:  [] []
[2022-06-15T18:17:29.802491+00:00] magephp.DEBUG: Task [Release] Cleaning up old Releases (deploy/release/cleanup) finished with FAIL [] []
