[2022-06-15T18:59:19.976263+00:00] magephp.DEBUG: Environment: production [] []
[2022-06-15T18:59:19.977721+00:00] magephp.DEBUG: Release ID: 20220615185919 [] []
[2022-06-15T18:59:19.978743+00:00] magephp.DEBUG: Running task [Composer] Install (composer/install) [] []
[2022-06-15T18:59:19.979400+00:00] magephp.INFO: composer install --optimize-autoloader [] []
[2022-06-15T18:59:23.563910+00:00] magephp.DEBUG: Discovered Package: [32mlaravel/sail[39m Discovered Package: [32mlaravel/sanctum[39m Discovered Package: [32mlaravel/tinker[39m Discovered Package: [32mnesbot/carbon[39m Discovered Package: [32mnunomaduro/collision[39m Discovered Package: [32mspatie/laravel-ignition[39m [32mPackage manifest generated successfully.[39m  [] []
[2022-06-15T18:59:23.564247+00:00] magephp.DEBUG: Task [Composer] Install (composer/install) finished with OK [] []
[2022-06-15T18:59:23.564442+00:00] magephp.DEBUG: Running task [Composer] Dump Autoload (composer/dump-autoload) [] []
[2022-06-15T18:59:23.564597+00:00] magephp.INFO: composer dump-autoload --optimize [] []
[2022-06-15T18:59:27.228667+00:00] magephp.DEBUG: Generating optimized autoload files Discovered Package: [32mlaravel/sail[39m Discovered Package: [32mlaravel/sanctum[39m Discovered Package: [32mlaravel/tinker[39m Discovered Package: [32mnesbot/carbon[39m Discovered Package: [32mnunomaduro/collision[39m Discovered Package: [32mspatie/laravel-ignition[39m [32mPackage manifest generated successfully.[39m Generated optimized autoload files containing 5253 classes  [] []
[2022-06-15T18:59:27.228988+00:00] magephp.DEBUG: Task [Composer] Dump Autoload (composer/dump-autoload) finished with OK [] []
[2022-06-15T18:59:27.229211+00:00] magephp.DEBUG: Running task [Deploy] Preparing Tar file (deploy/tar/prepare) [] []
[2022-06-15T18:59:27.229545+00:00] magephp.INFO: tar cfzp /tmp/magevv4C9I --exclude=".git" --exclude="./var/cache/*" --exclude="./var/log/*" --exclude="./web/app_dev.php" --exclude="./node_modules" --exclude="./storage/app/" --exclude="./storage/logs/" --exclude="./storage/framework/cache/*" --exclude="./storage/framework/sessions/*" --exclude="./storage/framework/views/*" ./ [] []
[2022-06-15T18:59:29.378049+00:00] magephp.DEBUG:  [] []
[2022-06-15T18:59:29.378364+00:00] magephp.DEBUG: Task [Deploy] Preparing Tar file (deploy/tar/prepare) finished with OK [] []
[2022-06-15T18:59:29.378755+00:00] magephp.DEBUG: Running task [Release] Preparing Release (deploy/release/prepare) [] []
[2022-06-15T18:59:29.379089+00:00] magephp.INFO: ssh -p 22 -q -o UserKnownHostsFile=/dev/null -o StrictHostKeyChecking=no -i /var/www/html/deployment/key root@188.166.99.32 "mkdir -p /var/www/releases/20220615185919" [] []
[2022-06-15T18:59:31.134081+00:00] magephp.DEBUG:  [] []
[2022-06-15T18:59:31.134460+00:00] magephp.DEBUG: Task [Release] Preparing Release (deploy/release/prepare) finished with OK [] []
[2022-06-15T18:59:31.134697+00:00] magephp.DEBUG: Running task [Deploy] Copying files with Tar (deploy/tar/copy) [] []
[2022-06-15T18:59:31.134998+00:00] magephp.INFO: scp -P 22 -q -o UserKnownHostsFile=/dev/null -o StrictHostKeyChecking=no -i /var/www/html/deployment/key /tmp/magevv4C9I root@188.166.99.32:/var/www/releases/20220615185919/magevv4C9I [] []
[2022-06-15T18:59:31.232393+00:00] magephp.DEBUG:  [] []
[2022-06-15T18:59:31.232982+00:00] magephp.ERROR: lost connection  [] []
[2022-06-15T18:59:31.233821+00:00] magephp.DEBUG: Task [Deploy] Copying files with Tar (deploy/tar/copy) finished with FAIL [] []
