[2022-06-15T19:00:22.613495+00:00] magephp.DEBUG: Environment: production [] []
[2022-06-15T19:00:22.615117+00:00] magephp.DEBUG: Release ID: 20220615190022 [] []
[2022-06-15T19:00:22.615888+00:00] magephp.DEBUG: Running task [Composer] Install (composer/install) [] []
[2022-06-15T19:00:22.616055+00:00] magephp.INFO: composer install --optimize-autoloader [] []
[2022-06-15T19:00:26.321737+00:00] magephp.DEBUG: Discovered Package: [32mlaravel/sail[39m Discovered Package: [32mlaravel/sanctum[39m Discovered Package: [32mlaravel/tinker[39m Discovered Package: [32mnesbot/carbon[39m Discovered Package: [32mnunomaduro/collision[39m Discovered Package: [32mspatie/laravel-ignition[39m [32mPackage manifest generated successfully.[39m  [] []
[2022-06-15T19:00:26.322035+00:00] magephp.DEBUG: Task [Composer] Install (composer/install) finished with OK [] []
[2022-06-15T19:00:26.322209+00:00] magephp.DEBUG: Running task [Composer] Dump Autoload (composer/dump-autoload) [] []
[2022-06-15T19:00:26.322407+00:00] magephp.INFO: composer dump-autoload --optimize [] []
[2022-06-15T19:00:30.832402+00:00] magephp.DEBUG: Generating optimized autoload files Discovered Package: [32mlaravel/sail[39m Discovered Package: [32mlaravel/sanctum[39m Discovered Package: [32mlaravel/tinker[39m Discovered Package: [32mnesbot/carbon[39m Discovered Package: [32mnunomaduro/collision[39m Discovered Package: [32mspatie/laravel-ignition[39m [32mPackage manifest generated successfully.[39m Generated optimized autoload files containing 5253 classes  [] []
[2022-06-15T19:00:30.832686+00:00] magephp.DEBUG: Task [Composer] Dump Autoload (composer/dump-autoload) finished with OK [] []
[2022-06-15T19:00:30.832879+00:00] magephp.DEBUG: Running task [Deploy] Preparing Tar file (deploy/tar/prepare) [] []
[2022-06-15T19:00:30.833522+00:00] magephp.INFO: tar cfzp /tmp/mageatGfHr --exclude=".git" --exclude="./var/cache/*" --exclude="./var/log/*" --exclude="./web/app_dev.php" --exclude="./node_modules" --exclude="./storage/app/" --exclude="./storage/logs/" --exclude="./storage/framework/cache/*" --exclude="./storage/framework/sessions/*" --exclude="./storage/framework/views/*" ./ [] []
[2022-06-15T19:00:32.940722+00:00] magephp.DEBUG:  [] []
[2022-06-15T19:00:32.941316+00:00] magephp.DEBUG: Task [Deploy] Preparing Tar file (deploy/tar/prepare) finished with OK [] []
[2022-06-15T19:00:32.942056+00:00] magephp.DEBUG: Running task [Release] Preparing Release (deploy/release/prepare) [] []
[2022-06-15T19:00:32.942393+00:00] magephp.INFO: ssh -p 22 -q -o UserKnownHostsFile=/dev/null -o StrictHostKeyChecking=no -i /var/www/html/deployment/key root@188.166.99.32 "mkdir -p /var/www/releases/20220615190022" [] []
[2022-06-15T19:00:34.726463+00:00] magephp.DEBUG:  [] []
[2022-06-15T19:00:34.726797+00:00] magephp.DEBUG: Task [Release] Preparing Release (deploy/release/prepare) finished with OK [] []
[2022-06-15T19:00:34.727061+00:00] magephp.DEBUG: Running task [Deploy] Copying files with Tar (deploy/tar/copy) [] []
[2022-06-15T19:00:34.727336+00:00] magephp.INFO: scp -P 22 -q -o UserKnownHostsFile=/dev/null -o StrictHostKeyChecking=no -i /var/www/html/deployment/key /tmp/mageatGfHr root@188.166.99.32:/var/www/releases/20220615190022/mageatGfHr [] []
[2022-06-15T19:00:40.566828+00:00] magephp.DEBUG:  [] []
[2022-06-15T19:00:40.568179+00:00] magephp.INFO: ssh -p 22 -q -o UserKnownHostsFile=/dev/null -o StrictHostKeyChecking=no -i /var/www/html/deployment/key root@188.166.99.32 "cd /var/www/releases/20220615190022 && tar xfzop mageatGfHr" [] []
[2022-06-15T19:00:43.348338+00:00] magephp.DEBUG:  [] []
[2022-06-15T19:00:43.349284+00:00] magephp.INFO: ssh -p 22 -q -o UserKnownHostsFile=/dev/null -o StrictHostKeyChecking=no -i /var/www/html/deployment/key root@188.166.99.32 "rm /var/www/releases/20220615190022/mageatGfHr" [] []
[2022-06-15T19:00:45.400484+00:00] magephp.DEBUG:  [] []
[2022-06-15T19:00:45.400793+00:00] magephp.DEBUG: Task [Deploy] Copying files with Tar (deploy/tar/copy) finished with OK [] []
[2022-06-15T19:00:45.401086+00:00] magephp.DEBUG: Running task [FS] Copy "/var/www/shared/.env" to ".env" (fs/copy) [] []
[2022-06-15T19:00:45.401300+00:00] magephp.INFO: ssh -p 22 -q -o UserKnownHostsFile=/dev/null -o StrictHostKeyChecking=no -i /var/www/html/deployment/key root@188.166.99.32 "cd /var/www/releases/20220615190022 && cp -p \"/var/www/shared/.env\" \".env\"" [] []
[2022-06-15T19:00:47.206413+00:00] magephp.DEBUG:  [] []
[2022-06-15T19:00:47.206789+00:00] magephp.DEBUG: Task [FS] Copy "/var/www/shared/.env" to ".env" (fs/copy) finished with OK [] []
[2022-06-15T19:00:47.207185+00:00] magephp.DEBUG: Running task [Release] Creating Symlink (deploy/release) [] []
[2022-06-15T19:00:47.207433+00:00] magephp.INFO: ssh -p 22 -q -o UserKnownHostsFile=/dev/null -o StrictHostKeyChecking=no -i /var/www/html/deployment/key root@188.166.99.32 "cd /var/www && ln -snf releases/20220615190022 laravel" [] []
[2022-06-15T19:00:47.281425+00:00] magephp.DEBUG:  [] []
[2022-06-15T19:00:47.282118+00:00] magephp.ERROR:  [] []
[2022-06-15T19:00:47.283129+00:00] magephp.DEBUG: Task [Release] Creating Symlink (deploy/release) finished with FAIL [] []
