[2022-06-15T17:57:53.108239+00:00] magephp.DEBUG: Environment: production [] []
[2022-06-15T17:57:53.111919+00:00] magephp.DEBUG: Release ID: 20220615175753 [] []
[2022-06-15T17:57:53.113721+00:00] magephp.DEBUG: Running task [Composer] Install (composer/install) [] []
[2022-06-15T17:57:53.114480+00:00] magephp.INFO: composer install --optimize-autoloader [] []
[2022-06-15T17:57:57.074548+00:00] magephp.DEBUG: Discovered Package: [32mlaravel/sail[39m Discovered Package: [32mlaravel/sanctum[39m Discovered Package: [32mlaravel/tinker[39m Discovered Package: [32mnesbot/carbon[39m Discovered Package: [32mnunomaduro/collision[39m Discovered Package: [32mspatie/laravel-ignition[39m [32mPackage manifest generated successfully.[39m  [] []
[2022-06-15T17:57:57.074838+00:00] magephp.DEBUG: Task [Composer] Install (composer/install) finished with OK [] []
[2022-06-15T17:57:57.075053+00:00] magephp.DEBUG: Running task [Composer] Dump Autoload (composer/dump-autoload) [] []
[2022-06-15T17:57:57.075174+00:00] magephp.INFO: composer dump-autoload --optimize [] []
[2022-06-15T17:58:00.366660+00:00] magephp.DEBUG: Generating optimized autoload files Discovered Package: [32mlaravel/sail[39m Discovered Package: [32mlaravel/sanctum[39m Discovered Package: [32mlaravel/tinker[39m Discovered Package: [32mnesbot/carbon[39m Discovered Package: [32mnunomaduro/collision[39m Discovered Package: [32mspatie/laravel-ignition[39m [32mPackage manifest generated successfully.[39m Generated optimized autoload files containing 5253 classes  [] []
[2022-06-15T17:58:00.367030+00:00] magephp.DEBUG: Task [Composer] Dump Autoload (composer/dump-autoload) finished with OK [] []
[2022-06-15T17:58:00.367286+00:00] magephp.DEBUG: Running task [Deploy] Preparing Tar file (deploy/tar/prepare) [] []
[2022-06-15T17:58:00.367582+00:00] magephp.INFO: tar cfzp /tmp/magejPUk6Z --exclude=".git" --exclude="./var/cache/*" --exclude="./var/log/*" --exclude="./web/app_dev.php" --exclude="./node_modules" --exclude="./storage/app/" --exclude="./storage/logs/" --exclude="./storage/framework/cache/*" --exclude="./storage/framework/sessions/*" --exclude="./storage/framework/views/*" ./ [] []
[2022-06-15T17:58:02.275320+00:00] magephp.DEBUG:  [] []
[2022-06-15T17:58:02.275599+00:00] magephp.DEBUG: Task [Deploy] Preparing Tar file (deploy/tar/prepare) finished with OK [] []
[2022-06-15T17:58:02.275927+00:00] magephp.DEBUG: Running task [Release] Preparing Release (deploy/release/prepare) [] []
[2022-06-15T17:58:02.276267+00:00] magephp.INFO: ssh -p 22 -q -o UserKnownHostsFile=/dev/null -o StrictHostKeyChecking=no -i /var/www/html/deployment/key root@188.166.99.32 "mkdir -p /var/www/myapp/releases/20220615175753" [] []
[2022-06-15T17:58:04.043744+00:00] magephp.DEBUG:  [] []
[2022-06-15T17:58:04.044252+00:00] magephp.DEBUG: Task [Release] Preparing Release (deploy/release/prepare) finished with OK [] []
[2022-06-15T17:58:04.044577+00:00] magephp.DEBUG: Running task [Deploy] Copying files with Tar (deploy/tar/copy) [] []
[2022-06-15T17:58:04.044829+00:00] magephp.INFO: scp -P 22 -q -o UserKnownHostsFile=/dev/null -o StrictHostKeyChecking=no -i /var/www/html/deployment/key /tmp/magejPUk6Z root@188.166.99.32:/var/www/myapp/releases/20220615175753/magejPUk6Z [] []
[2022-06-15T17:58:10.786412+00:00] magephp.DEBUG:  [] []
[2022-06-15T17:58:10.786730+00:00] magephp.INFO: ssh -p 22 -q -o UserKnownHostsFile=/dev/null -o StrictHostKeyChecking=no -i /var/www/html/deployment/key root@188.166.99.32 "cd /var/www/myapp/releases/20220615175753 && tar xfzop magejPUk6Z" [] []
[2022-06-15T17:58:13.292523+00:00] magephp.DEBUG:  [] []
[2022-06-15T17:58:13.292926+00:00] magephp.INFO: ssh -p 22 -q -o UserKnownHostsFile=/dev/null -o StrictHostKeyChecking=no -i /var/www/html/deployment/key root@188.166.99.32 "rm /var/www/myapp/releases/20220615175753/magejPUk6Z" [] []
[2022-06-15T17:58:15.304148+00:00] magephp.DEBUG:  [] []
[2022-06-15T17:58:15.304449+00:00] magephp.DEBUG: Task [Deploy] Copying files with Tar (deploy/tar/copy) finished with OK [] []
[2022-06-15T17:58:15.304832+00:00] magephp.DEBUG: Running task [Release] Creating Symlink (deploy/release) [] []
[2022-06-15T17:58:15.305237+00:00] magephp.INFO: ssh -p 22 -q -o UserKnownHostsFile=/dev/null -o StrictHostKeyChecking=no -i /var/www/html/deployment/key root@188.166.99.32 "cd /var/www/myapp && ln -snf releases/20220615175753 current" [] []
[2022-06-15T17:58:16.981158+00:00] magephp.DEBUG:  [] []
[2022-06-15T17:58:16.982310+00:00] magephp.DEBUG: Task [Release] Creating Symlink (deploy/release) finished with OK [] []
[2022-06-15T17:58:16.985362+00:00] magephp.DEBUG: Running task [Release] Cleaning up old Releases (deploy/release/cleanup) [] []
[2022-06-15T17:58:16.987077+00:00] magephp.INFO: ssh -p 22 -q -o UserKnownHostsFile=/dev/null -o StrictHostKeyChecking=no -i /var/www/html/deployment/key root@188.166.99.32 "ls -1 /var/www/myapp/releases" [] []
[2022-06-15T17:58:17.067314+00:00] magephp.DEBUG:  [] []
[2022-06-15T17:58:17.067585+00:00] magephp.ERROR:  [] []
[2022-06-15T17:58:17.067929+00:00] magephp.DEBUG: Task [Release] Cleaning up old Releases (deploy/release/cleanup) finished with FAIL [] []
