[2022-06-15T18:30:01.793921+00:00] magephp.DEBUG: Environment: production [] []
[2022-06-15T18:30:01.798748+00:00] magephp.DEBUG: Release ID: 20220615183001 [] []
[2022-06-15T18:30:01.802631+00:00] magephp.DEBUG: Running task [Composer] Install (composer/install) [] []
[2022-06-15T18:30:01.803001+00:00] magephp.INFO: composer install --optimize-autoloader [] []
[2022-06-15T18:30:05.439165+00:00] magephp.DEBUG: Discovered Package: [32mlaravel/sail[39m Discovered Package: [32mlaravel/sanctum[39m Discovered Package: [32mlaravel/tinker[39m Discovered Package: [32mnesbot/carbon[39m Discovered Package: [32mnunomaduro/collision[39m Discovered Package: [32mspatie/laravel-ignition[39m [32mPackage manifest generated successfully.[39m  [] []
[2022-06-15T18:30:05.439483+00:00] magephp.DEBUG: Task [Composer] Install (composer/install) finished with OK [] []
[2022-06-15T18:30:05.439697+00:00] magephp.DEBUG: Running task [Composer] Dump Autoload (composer/dump-autoload) [] []
[2022-06-15T18:30:05.439789+00:00] magephp.INFO: composer dump-autoload --optimize [] []
[2022-06-15T18:30:08.901352+00:00] magephp.DEBUG: Generating optimized autoload files Discovered Package: [32mlaravel/sail[39m Discovered Package: [32mlaravel/sanctum[39m Discovered Package: [32mlaravel/tinker[39m Discovered Package: [32mnesbot/carbon[39m Discovered Package: [32mnunomaduro/collision[39m Discovered Package: [32mspatie/laravel-ignition[39m [32mPackage manifest generated successfully.[39m Generated optimized autoload files containing 5253 classes  [] []
[2022-06-15T18:30:08.901798+00:00] magephp.DEBUG: Task [Composer] Dump Autoload (composer/dump-autoload) finished with OK [] []
[2022-06-15T18:30:08.901966+00:00] magephp.DEBUG: Running task [Deploy] Preparing Tar file (deploy/tar/prepare) [] []
[2022-06-15T18:30:08.902259+00:00] magephp.INFO: tar cfzp /tmp/mageOcQUKh --exclude=".git" --exclude="./var/cache/*" --exclude="./var/log/*" --exclude="./web/app_dev.php" --exclude="./node_modules" --exclude="./storage/app/" --exclude="./storage/logs/" --exclude="./storage/framework/cache/*" --exclude="./storage/framework/sessions/*" --exclude="./storage/framework/views/*" ./ [] []
[2022-06-15T18:30:10.845830+00:00] magephp.DEBUG:  [] []
[2022-06-15T18:30:10.846180+00:00] magephp.DEBUG: Task [Deploy] Preparing Tar file (deploy/tar/prepare) finished with OK [] []
[2022-06-15T18:30:10.846513+00:00] magephp.DEBUG: Running task [Release] Preparing Release (deploy/release/prepare) [] []
[2022-06-15T18:30:10.847036+00:00] magephp.INFO: ssh -p 22 -q -o UserKnownHostsFile=/dev/null -o StrictHostKeyChecking=no -i /var/www/html/deployment/key root@188.166.99.32 "mkdir -p /var/www/releases/20220615183001" [] []
[2022-06-15T18:30:12.796444+00:00] magephp.DEBUG:  [] []
[2022-06-15T18:30:12.796761+00:00] magephp.DEBUG: Task [Release] Preparing Release (deploy/release/prepare) finished with OK [] []
[2022-06-15T18:30:12.796951+00:00] magephp.DEBUG: Running task [Deploy] Copying files with Tar (deploy/tar/copy) [] []
[2022-06-15T18:30:12.797221+00:00] magephp.INFO: scp -P 22 -q -o UserKnownHostsFile=/dev/null -o StrictHostKeyChecking=no -i /var/www/html/deployment/key /tmp/mageOcQUKh root@188.166.99.32:/var/www/releases/20220615183001/mageOcQUKh [] []
[2022-06-15T18:30:19.855598+00:00] magephp.DEBUG:  [] []
[2022-06-15T18:30:19.855919+00:00] magephp.INFO: ssh -p 22 -q -o UserKnownHostsFile=/dev/null -o StrictHostKeyChecking=no -i /var/www/html/deployment/key root@188.166.99.32 "cd /var/www/releases/20220615183001 && tar xfzop mageOcQUKh" [] []
[2022-06-15T18:30:22.430468+00:00] magephp.DEBUG:  [] []
[2022-06-15T18:30:22.431779+00:00] magephp.INFO: ssh -p 22 -q -o UserKnownHostsFile=/dev/null -o StrictHostKeyChecking=no -i /var/www/html/deployment/key root@188.166.99.32 "rm /var/www/releases/20220615183001/mageOcQUKh" [] []
[2022-06-15T18:30:24.574054+00:00] magephp.DEBUG:  [] []
[2022-06-15T18:30:24.574403+00:00] magephp.DEBUG: Task [Deploy] Copying files with Tar (deploy/tar/copy) finished with OK [] []
[2022-06-15T18:30:24.574712+00:00] magephp.DEBUG: Running task [Release] Creating Symlink (deploy/release) [] []
[2022-06-15T18:30:24.574940+00:00] magephp.INFO: ssh -p 22 -q -o UserKnownHostsFile=/dev/null -o StrictHostKeyChecking=no -i /var/www/html/deployment/key root@188.166.99.32 "cd /var/www && ln -snf releases/20220615183001 laravel" [] []
[2022-06-15T18:30:26.354680+00:00] magephp.DEBUG:  [] []
[2022-06-15T18:30:26.355009+00:00] magephp.DEBUG: Task [Release] Creating Symlink (deploy/release) finished with OK [] []
[2022-06-15T18:30:26.355531+00:00] magephp.DEBUG: Running task [Release] Cleaning up old Releases (deploy/release/cleanup) [] []
[2022-06-15T18:30:26.355877+00:00] magephp.INFO: ssh -p 22 -q -o UserKnownHostsFile=/dev/null -o StrictHostKeyChecking=no -i /var/www/html/deployment/key root@188.166.99.32 "ls -1 /var/www/releases" [] []
[2022-06-15T18:30:26.439597+00:00] magephp.DEBUG:  [] []
[2022-06-15T18:30:26.440012+00:00] magephp.ERROR:  [] []
[2022-06-15T18:30:26.440924+00:00] magephp.DEBUG: Task [Release] Cleaning up old Releases (deploy/release/cleanup) finished with FAIL [] []
