[2022-06-15T18:08:32.434497+00:00] magephp.DEBUG: Environment: production [] []
[2022-06-15T18:08:32.436555+00:00] magephp.DEBUG: Release ID: 20220615180832 [] []
[2022-06-15T18:08:32.438392+00:00] magephp.DEBUG: Running task [Composer] Install (composer/install) [] []
[2022-06-15T18:08:32.439011+00:00] magephp.INFO: composer install --optimize-autoloader [] []
[2022-06-15T18:08:35.988252+00:00] magephp.DEBUG: Discovered Package: [32mlaravel/sail[39m Discovered Package: [32mlaravel/sanctum[39m Discovered Package: [32mlaravel/tinker[39m Discovered Package: [32mnesbot/carbon[39m Discovered Package: [32mnunomaduro/collision[39m Discovered Package: [32mspatie/laravel-ignition[39m [32mPackage manifest generated successfully.[39m  [] []
[2022-06-15T18:08:35.988500+00:00] magephp.DEBUG: Task [Composer] Install (composer/install) finished with OK [] []
[2022-06-15T18:08:35.988693+00:00] magephp.DEBUG: Running task [Composer] Dump Autoload (composer/dump-autoload) [] []
[2022-06-15T18:08:35.988806+00:00] magephp.INFO: composer dump-autoload --optimize [] []
[2022-06-15T18:08:39.313848+00:00] magephp.DEBUG: Generating optimized autoload files Discovered Package: [32mlaravel/sail[39m Discovered Package: [32mlaravel/sanctum[39m Discovered Package: [32mlaravel/tinker[39m Discovered Package: [32mnesbot/carbon[39m Discovered Package: [32mnunomaduro/collision[39m Discovered Package: [32mspatie/laravel-ignition[39m [32mPackage manifest generated successfully.[39m Generated optimized autoload files containing 5253 classes  [] []
[2022-06-15T18:08:39.314124+00:00] magephp.DEBUG: Task [Composer] Dump Autoload (composer/dump-autoload) finished with OK [] []
[2022-06-15T18:08:39.314237+00:00] magephp.DEBUG: Running task [Deploy] Preparing Tar file (deploy/tar/prepare) [] []
[2022-06-15T18:08:39.314525+00:00] magephp.INFO: tar cfzp /tmp/mage84jqtD --exclude=".git" --exclude="./var/cache/*" --exclude="./var/log/*" --exclude="./web/app_dev.php" --exclude="./node_modules" --exclude="./storage/app/" --exclude="./storage/logs/" --exclude="./storage/framework/cache/*" --exclude="./storage/framework/sessions/*" --exclude="./storage/framework/views/*" ./ [] []
[2022-06-15T18:08:41.239045+00:00] magephp.DEBUG:  [] []
[2022-06-15T18:08:41.239289+00:00] magephp.DEBUG: Task [Deploy] Preparing Tar file (deploy/tar/prepare) finished with OK [] []
[2022-06-15T18:08:41.239649+00:00] magephp.DEBUG: Running task [Release] Preparing Release (deploy/release/prepare) [] []
[2022-06-15T18:08:41.239927+00:00] magephp.INFO: ssh -p 22 -q -o UserKnownHostsFile=/dev/null -o StrictHostKeyChecking=no -i /var/www/html/deployment/key root@188.166.99.32 "mkdir -p /var/www/myapp/releases/20220615180832" [] []
[2022-06-15T18:08:42.863801+00:00] magephp.DEBUG:  [] []
[2022-06-15T18:08:42.864093+00:00] magephp.DEBUG: Task [Release] Preparing Release (deploy/release/prepare) finished with OK [] []
[2022-06-15T18:08:42.864264+00:00] magephp.DEBUG: Running task [Deploy] Copying files with Tar (deploy/tar/copy) [] []
[2022-06-15T18:08:42.864498+00:00] magephp.INFO: scp -P 22 -q -o UserKnownHostsFile=/dev/null -o StrictHostKeyChecking=no -i /var/www/html/deployment/key /tmp/mage84jqtD root@188.166.99.32:/var/www/myapp/releases/20220615180832/mage84jqtD [] []
[2022-06-15T18:08:48.563759+00:00] magephp.DEBUG:  [] []
[2022-06-15T18:08:48.564019+00:00] magephp.INFO: ssh -p 22 -q -o UserKnownHostsFile=/dev/null -o StrictHostKeyChecking=no -i /var/www/html/deployment/key root@188.166.99.32 "cd /var/www/myapp/releases/20220615180832 && tar xfzop mage84jqtD" [] []
[2022-06-15T18:08:50.931585+00:00] magephp.DEBUG:  [] []
[2022-06-15T18:08:50.932464+00:00] magephp.INFO: ssh -p 22 -q -o UserKnownHostsFile=/dev/null -o StrictHostKeyChecking=no -i /var/www/html/deployment/key root@188.166.99.32 "rm /var/www/myapp/releases/20220615180832/mage84jqtD" [] []
[2022-06-15T18:08:52.865616+00:00] magephp.DEBUG:  [] []
[2022-06-15T18:08:52.865863+00:00] magephp.DEBUG: Task [Deploy] Copying files with Tar (deploy/tar/copy) finished with OK [] []
[2022-06-15T18:08:52.866265+00:00] magephp.DEBUG: Running task [Release] Creating Symlink (deploy/release) [] []
[2022-06-15T18:08:52.866531+00:00] magephp.INFO: ssh -p 22 -q -o UserKnownHostsFile=/dev/null -o StrictHostKeyChecking=no -i /var/www/html/deployment/key root@188.166.99.32 "cd /var/www/myapp && ln -snf releases/20220615180832 current" [] []
[2022-06-15T18:08:54.500824+00:00] magephp.DEBUG:  [] []
[2022-06-15T18:08:54.501160+00:00] magephp.DEBUG: Task [Release] Creating Symlink (deploy/release) finished with OK [] []
[2022-06-15T18:08:54.501464+00:00] magephp.DEBUG: Running task [Release] Cleaning up old Releases (deploy/release/cleanup) [] []
[2022-06-15T18:08:54.501615+00:00] magephp.INFO: ssh -p 22 -q -o UserKnownHostsFile=/dev/null -o StrictHostKeyChecking=no -i /var/www/html/deployment/key root@188.166.99.32 "ls -1 /var/www/myapp/releases" [] []
[2022-06-15T18:08:54.586764+00:00] magephp.DEBUG:  [] []
[2022-06-15T18:08:54.587075+00:00] magephp.ERROR:  [] []
[2022-06-15T18:08:54.587592+00:00] magephp.DEBUG: Task [Release] Cleaning up old Releases (deploy/release/cleanup) finished with FAIL [] []
