[2022-06-15T18:26:57.782693+00:00] magephp.DEBUG: Environment: production [] []
[2022-06-15T18:26:57.784883+00:00] magephp.DEBUG: Release ID: 20220615182657 [] []
[2022-06-15T18:26:57.786114+00:00] magephp.DEBUG: Running task [Composer] Install (composer/install) [] []
[2022-06-15T18:26:57.786627+00:00] magephp.INFO: composer install --optimize-autoloader [] []
[2022-06-15T18:27:01.551022+00:00] magephp.DEBUG: Discovered Package: [32mlaravel/sail[39m Discovered Package: [32mlaravel/sanctum[39m Discovered Package: [32mlaravel/tinker[39m Discovered Package: [32mnesbot/carbon[39m Discovered Package: [32mnunomaduro/collision[39m Discovered Package: [32mspatie/laravel-ignition[39m [32mPackage manifest generated successfully.[39m  [] []
[2022-06-15T18:27:01.551398+00:00] magephp.DEBUG: Task [Composer] Install (composer/install) finished with OK [] []
[2022-06-15T18:27:01.551628+00:00] magephp.DEBUG: Running task [Composer] Dump Autoload (composer/dump-autoload) [] []
[2022-06-15T18:27:01.551766+00:00] magephp.INFO: composer dump-autoload --optimize [] []
[2022-06-15T18:27:04.957141+00:00] magephp.DEBUG: Generating optimized autoload files Discovered Package: [32mlaravel/sail[39m Discovered Package: [32mlaravel/sanctum[39m Discovered Package: [32mlaravel/tinker[39m Discovered Package: [32mnesbot/carbon[39m Discovered Package: [32mnunomaduro/collision[39m Discovered Package: [32mspatie/laravel-ignition[39m [32mPackage manifest generated successfully.[39m Generated optimized autoload files containing 5253 classes  [] []
[2022-06-15T18:27:04.957560+00:00] magephp.DEBUG: Task [Composer] Dump Autoload (composer/dump-autoload) finished with OK [] []
[2022-06-15T18:27:04.957868+00:00] magephp.DEBUG: Running task [Deploy] Preparing Tar file (deploy/tar/prepare) [] []
[2022-06-15T18:27:04.958712+00:00] magephp.INFO: tar cfzp /tmp/mageBXmPtc --exclude=".git" --exclude="./var/cache/*" --exclude="./var/log/*" --exclude="./web/app_dev.php" --exclude="./node_modules" --exclude="./storage/app/" --exclude="./storage/logs/" --exclude="./storage/framework/cache/*" --exclude="./storage/framework/sessions/*" --exclude="./storage/framework/views/*" ./ [] []
[2022-06-15T18:27:06.928614+00:00] magephp.DEBUG:  [] []
[2022-06-15T18:27:06.928946+00:00] magephp.DEBUG: Task [Deploy] Preparing Tar file (deploy/tar/prepare) finished with OK [] []
[2022-06-15T18:27:06.929407+00:00] magephp.DEBUG: Running task [Release] Preparing Release (deploy/release/prepare) [] []
[2022-06-15T18:27:06.929697+00:00] magephp.INFO: ssh -p 22 -q -o UserKnownHostsFile=/dev/null -o StrictHostKeyChecking=no -i /var/www/html/deployment/key root@188.166.99.32 "mkdir -p /var/www/releases/20220615182657" [] []
[2022-06-15T18:27:09.102996+00:00] magephp.DEBUG:  [] []
[2022-06-15T18:27:09.103311+00:00] magephp.DEBUG: Task [Release] Preparing Release (deploy/release/prepare) finished with OK [] []
[2022-06-15T18:27:09.103581+00:00] magephp.DEBUG: Running task [Deploy] Copying files with Tar (deploy/tar/copy) [] []
[2022-06-15T18:27:09.103856+00:00] magephp.INFO: scp -P 22 -q -o UserKnownHostsFile=/dev/null -o StrictHostKeyChecking=no -i /var/www/html/deployment/key /tmp/mageBXmPtc root@188.166.99.32:/var/www/releases/20220615182657/mageBXmPtc [] []
[2022-06-15T18:27:15.290035+00:00] magephp.DEBUG:  [] []
[2022-06-15T18:27:15.290435+00:00] magephp.INFO: ssh -p 22 -q -o UserKnownHostsFile=/dev/null -o StrictHostKeyChecking=no -i /var/www/html/deployment/key root@188.166.99.32 "cd /var/www/releases/20220615182657 && tar xfzop mageBXmPtc" [] []
[2022-06-15T18:27:17.901411+00:00] magephp.DEBUG:  [] []
[2022-06-15T18:27:17.902213+00:00] magephp.INFO: ssh -p 22 -q -o UserKnownHostsFile=/dev/null -o StrictHostKeyChecking=no -i /var/www/html/deployment/key root@188.166.99.32 "rm /var/www/releases/20220615182657/mageBXmPtc" [] []
[2022-06-15T18:27:19.828636+00:00] magephp.DEBUG:  [] []
[2022-06-15T18:27:19.828998+00:00] magephp.DEBUG: Task [Deploy] Copying files with Tar (deploy/tar/copy) finished with OK [] []
[2022-06-15T18:27:19.829783+00:00] magephp.DEBUG: Running task [Release] Creating Symlink (deploy/release) [] []
[2022-06-15T18:27:19.830110+00:00] magephp.INFO: ssh -p 22 -q -o UserKnownHostsFile=/dev/null -o StrictHostKeyChecking=no -i /var/www/html/deployment/key root@188.166.99.32 "cd /var/www && ln -snf releases/20220615182657 laravel" [] []
[2022-06-15T18:27:21.051477+00:00] magephp.DEBUG:  [] []
[2022-06-15T18:27:21.051799+00:00] magephp.DEBUG: Task [Release] Creating Symlink (deploy/release) finished with OK [] []
[2022-06-15T18:27:21.052275+00:00] magephp.DEBUG: Running task [Release] Cleaning up old Releases (deploy/release/cleanup) [] []
[2022-06-15T18:27:21.052496+00:00] magephp.INFO: ssh -p 22 -q -o UserKnownHostsFile=/dev/null -o StrictHostKeyChecking=no -i /var/www/html/deployment/key root@188.166.99.32 "ls -1 /var/www/releases" [] []
[2022-06-15T18:27:21.147555+00:00] magephp.DEBUG:  [] []
[2022-06-15T18:27:21.148516+00:00] magephp.ERROR:  [] []
[2022-06-15T18:27:21.149597+00:00] magephp.DEBUG: Task [Release] Cleaning up old Releases (deploy/release/cleanup) finished with FAIL [] []
