[2022-06-15T18:58:53.683978+00:00] magephp.DEBUG: Environment: production [] []
[2022-06-15T18:58:53.685905+00:00] magephp.DEBUG: Release ID: 20220615185853 [] []
[2022-06-15T18:58:53.687061+00:00] magephp.DEBUG: Running task [Composer] Install (composer/install) [] []
[2022-06-15T18:58:53.687232+00:00] magephp.INFO: composer install --optimize-autoloader [] []
[2022-06-15T18:58:57.411995+00:00] magephp.DEBUG: Discovered Package: [32mlaravel/sail[39m Discovered Package: [32mlaravel/sanctum[39m Discovered Package: [32mlaravel/tinker[39m Discovered Package: [32mnesbot/carbon[39m Discovered Package: [32mnunomaduro/collision[39m Discovered Package: [32mspatie/laravel-ignition[39m [32mPackage manifest generated successfully.[39m  [] []
[2022-06-15T18:58:57.412268+00:00] magephp.DEBUG: Task [Composer] Install (composer/install) finished with OK [] []
[2022-06-15T18:58:57.412550+00:00] magephp.DEBUG: Running task [Composer] Dump Autoload (composer/dump-autoload) [] []
[2022-06-15T18:58:57.412701+00:00] magephp.INFO: composer dump-autoload --optimize [] []
[2022-06-15T18:59:00.941811+00:00] magephp.DEBUG: Generating optimized autoload files Discovered Package: [32mlaravel/sail[39m Discovered Package: [32mlaravel/sanctum[39m Discovered Package: [32mlaravel/tinker[39m Discovered Package: [32mnesbot/carbon[39m Discovered Package: [32mnunomaduro/collision[39m Discovered Package: [32mspatie/laravel-ignition[39m [32mPackage manifest generated successfully.[39m Generated optimized autoload files containing 5253 classes  [] []
[2022-06-15T18:59:00.942328+00:00] magephp.DEBUG: Task [Composer] Dump Autoload (composer/dump-autoload) finished with OK [] []
[2022-06-15T18:59:00.942556+00:00] magephp.DEBUG: Running task [Deploy] Preparing Tar file (deploy/tar/prepare) [] []
[2022-06-15T18:59:00.942899+00:00] magephp.INFO: tar cfzp /tmp/magem3Qu3y --exclude=".git" --exclude="./var/cache/*" --exclude="./var/log/*" --exclude="./web/app_dev.php" --exclude="./node_modules" --exclude="./storage/app/" --exclude="./storage/logs/" --exclude="./storage/framework/cache/*" --exclude="./storage/framework/sessions/*" --exclude="./storage/framework/views/*" ./ [] []
[2022-06-15T18:59:03.203565+00:00] magephp.DEBUG:  [] []
[2022-06-15T18:59:03.203840+00:00] magephp.DEBUG: Task [Deploy] Preparing Tar file (deploy/tar/prepare) finished with OK [] []
[2022-06-15T18:59:03.204210+00:00] magephp.DEBUG: Running task [Release] Preparing Release (deploy/release/prepare) [] []
[2022-06-15T18:59:03.204447+00:00] magephp.INFO: ssh -p 22 -q -o UserKnownHostsFile=/dev/null -o StrictHostKeyChecking=no -i /var/www/html/deployment/key root@188.166.99.32 "mkdir -p /var/www/releases/20220615185853" [] []
[2022-06-15T18:59:05.413442+00:00] magephp.DEBUG:  [] []
[2022-06-15T18:59:05.413841+00:00] magephp.DEBUG: Task [Release] Preparing Release (deploy/release/prepare) finished with OK [] []
[2022-06-15T18:59:05.414174+00:00] magephp.DEBUG: Running task [Deploy] Copying files with Tar (deploy/tar/copy) [] []
[2022-06-15T18:59:05.414764+00:00] magephp.INFO: scp -P 22 -q -o UserKnownHostsFile=/dev/null -o StrictHostKeyChecking=no -i /var/www/html/deployment/key /tmp/magem3Qu3y root@188.166.99.32:/var/www/releases/20220615185853/magem3Qu3y [] []
[2022-06-15T18:59:11.056967+00:00] magephp.DEBUG:  [] []
[2022-06-15T18:59:11.057398+00:00] magephp.INFO: ssh -p 22 -q -o UserKnownHostsFile=/dev/null -o StrictHostKeyChecking=no -i /var/www/html/deployment/key root@188.166.99.32 "cd /var/www/releases/20220615185853 && tar xfzop magem3Qu3y" [] []
[2022-06-15T18:59:13.773214+00:00] magephp.DEBUG:  [] []
[2022-06-15T18:59:13.774010+00:00] magephp.INFO: ssh -p 22 -q -o UserKnownHostsFile=/dev/null -o StrictHostKeyChecking=no -i /var/www/html/deployment/key root@188.166.99.32 "rm /var/www/releases/20220615185853/magem3Qu3y" [] []
[2022-06-15T18:59:16.779174+00:00] magephp.DEBUG:  [] []
[2022-06-15T18:59:16.779426+00:00] magephp.DEBUG: Task [Deploy] Copying files with Tar (deploy/tar/copy) finished with OK [] []
