[2022-06-15T18:13:11.669570+00:00] magephp.DEBUG: Environment: production [] []
[2022-06-15T18:13:11.671622+00:00] magephp.DEBUG: Release ID: 20220615181311 [] []
[2022-06-15T18:13:11.672574+00:00] magephp.DEBUG: Running task [Composer] Install (composer/install) [] []
[2022-06-15T18:13:11.673302+00:00] magephp.INFO: composer install --optimize-autoloader [] []
[2022-06-15T18:13:15.278190+00:00] magephp.DEBUG: Discovered Package: [32mlaravel/sail[39m Discovered Package: [32mlaravel/sanctum[39m Discovered Package: [32mlaravel/tinker[39m Discovered Package: [32mnesbot/carbon[39m Discovered Package: [32mnunomaduro/collision[39m Discovered Package: [32mspatie/laravel-ignition[39m [32mPackage manifest generated successfully.[39m  [] []
[2022-06-15T18:13:15.278712+00:00] magephp.DEBUG: Task [Composer] Install (composer/install) finished with OK [] []
[2022-06-15T18:13:15.279070+00:00] magephp.DEBUG: Running task [Composer] Dump Autoload (composer/dump-autoload) [] []
[2022-06-15T18:13:15.279297+00:00] magephp.INFO: composer dump-autoload --optimize [] []
[2022-06-15T18:13:19.037810+00:00] magephp.DEBUG: Generating optimized autoload files Discovered Package: [32mlaravel/sail[39m Discovered Package: [32mlaravel/sanctum[39m Discovered Package: [32mlaravel/tinker[39m Discovered Package: [32mnesbot/carbon[39m Discovered Package: [32mnunomaduro/collision[39m Discovered Package: [32mspatie/laravel-ignition[39m [32mPackage manifest generated successfully.[39m Generated optimized autoload files containing 5253 classes  [] []
[2022-06-15T18:13:19.038190+00:00] magephp.DEBUG: Task [Composer] Dump Autoload (composer/dump-autoload) finished with OK [] []
[2022-06-15T18:13:19.038369+00:00] magephp.DEBUG: Running task [Deploy] Preparing Tar file (deploy/tar/prepare) [] []
[2022-06-15T18:13:19.038664+00:00] magephp.INFO: tar cfzp /tmp/mageLjZkNW --exclude=".git" --exclude="./var/cache/*" --exclude="./var/log/*" --exclude="./web/app_dev.php" --exclude="./node_modules" --exclude="./storage/app/" --exclude="./storage/logs/" --exclude="./storage/framework/cache/*" --exclude="./storage/framework/sessions/*" --exclude="./storage/framework/views/*" ./ [] []
[2022-06-15T18:13:20.981652+00:00] magephp.DEBUG:  [] []
[2022-06-15T18:13:20.982142+00:00] magephp.DEBUG: Task [Deploy] Preparing Tar file (deploy/tar/prepare) finished with OK [] []
[2022-06-15T18:13:20.983428+00:00] magephp.DEBUG: Running task [Release] Preparing Release (deploy/release/prepare) [] []
[2022-06-15T18:13:20.984807+00:00] magephp.INFO: ssh -p 22 -q -o UserKnownHostsFile=/dev/null -o StrictHostKeyChecking=no -i /var/www/html/deployment/key root@188.166.99.32 "mkdir -p /var/www/myapp/releases/20220615181311" [] []
[2022-06-15T18:13:22.646116+00:00] magephp.DEBUG:  [] []
[2022-06-15T18:13:22.646457+00:00] magephp.DEBUG: Task [Release] Preparing Release (deploy/release/prepare) finished with OK [] []
[2022-06-15T18:13:22.646806+00:00] magephp.DEBUG: Running task [Deploy] Copying files with Tar (deploy/tar/copy) [] []
[2022-06-15T18:13:22.647057+00:00] magephp.INFO: scp -P 22 -q -o UserKnownHostsFile=/dev/null -o StrictHostKeyChecking=no -i /var/www/html/deployment/key /tmp/mageLjZkNW root@188.166.99.32:/var/www/myapp/releases/20220615181311/mageLjZkNW [] []
[2022-06-15T18:13:28.362655+00:00] magephp.DEBUG:  [] []
[2022-06-15T18:13:28.363040+00:00] magephp.INFO: ssh -p 22 -q -o UserKnownHostsFile=/dev/null -o StrictHostKeyChecking=no -i /var/www/html/deployment/key root@188.166.99.32 "cd /var/www/myapp/releases/20220615181311 && tar xfzop mageLjZkNW" [] []
[2022-06-15T18:13:30.805190+00:00] magephp.DEBUG:  [] []
[2022-06-15T18:13:30.805568+00:00] magephp.INFO: ssh -p 22 -q -o UserKnownHostsFile=/dev/null -o StrictHostKeyChecking=no -i /var/www/html/deployment/key root@188.166.99.32 "rm /var/www/myapp/releases/20220615181311/mageLjZkNW" [] []
[2022-06-15T18:13:32.909547+00:00] magephp.DEBUG:  [] []
[2022-06-15T18:13:32.909812+00:00] magephp.DEBUG: Task [Deploy] Copying files with Tar (deploy/tar/copy) finished with OK [] []
[2022-06-15T18:13:32.910347+00:00] magephp.DEBUG: Running task [Release] Creating Symlink (deploy/release) [] []
[2022-06-15T18:13:32.910789+00:00] magephp.INFO: ssh -p 22 -q -o UserKnownHostsFile=/dev/null -o StrictHostKeyChecking=no -i /var/www/html/deployment/key root@188.166.99.32 "cd /var/www/myapp && ln -snf releases/20220615181311 current" [] []
[2022-06-15T18:13:34.412321+00:00] magephp.DEBUG:  [] []
[2022-06-15T18:13:34.412688+00:00] magephp.DEBUG: Task [Release] Creating Symlink (deploy/release) finished with OK [] []
[2022-06-15T18:13:34.413185+00:00] magephp.DEBUG: Running task [Release] Cleaning up old Releases (deploy/release/cleanup) [] []
[2022-06-15T18:13:34.413472+00:00] magephp.INFO: ssh -p 22 -q -o UserKnownHostsFile=/dev/null -o StrictHostKeyChecking=no -i /var/www/html/deployment/key root@188.166.99.32 "ls -1 /var/www/myapp/releases" [] []
[2022-06-15T18:13:34.498514+00:00] magephp.DEBUG:  [] []
[2022-06-15T18:13:34.498688+00:00] magephp.ERROR:  [] []
[2022-06-15T18:13:34.498961+00:00] magephp.DEBUG: Task [Release] Cleaning up old Releases (deploy/release/cleanup) finished with FAIL [] []
