[2022-06-15T19:04:03.723399+00:00] magephp.DEBUG: Environment: production [] []
[2022-06-15T19:04:03.727939+00:00] magephp.DEBUG: Release ID: 20220615190403 [] []
[2022-06-15T19:04:03.728962+00:00] magephp.DEBUG: Running task [Composer] Install (composer/install) [] []
[2022-06-15T19:04:03.729154+00:00] magephp.INFO: composer install --optimize-autoloader [] []
[2022-06-15T19:04:07.627222+00:00] magephp.DEBUG: Discovered Package: [32mlaravel/sail[39m Discovered Package: [32mlaravel/sanctum[39m Discovered Package: [32mlaravel/tinker[39m Discovered Package: [32mnesbot/carbon[39m Discovered Package: [32mnunomaduro/collision[39m Discovered Package: [32mspatie/laravel-ignition[39m [32mPackage manifest generated successfully.[39m  [] []
[2022-06-15T19:04:07.627572+00:00] magephp.DEBUG: Task [Composer] Install (composer/install) finished with OK [] []
[2022-06-15T19:04:07.627850+00:00] magephp.DEBUG: Running task [Composer] Dump Autoload (composer/dump-autoload) [] []
[2022-06-15T19:04:07.628198+00:00] magephp.INFO: composer dump-autoload --optimize [] []
[2022-06-15T19:04:11.345064+00:00] magephp.DEBUG: Generating optimized autoload files Discovered Package: [32mlaravel/sail[39m Discovered Package: [32mlaravel/sanctum[39m Discovered Package: [32mlaravel/tinker[39m Discovered Package: [32mnesbot/carbon[39m Discovered Package: [32mnunomaduro/collision[39m Discovered Package: [32mspatie/laravel-ignition[39m [32mPackage manifest generated successfully.[39m Generated optimized autoload files containing 5253 classes  [] []
[2022-06-15T19:04:11.345495+00:00] magephp.DEBUG: Task [Composer] Dump Autoload (composer/dump-autoload) finished with OK [] []
[2022-06-15T19:04:11.345881+00:00] magephp.DEBUG: Running task [Deploy] Preparing Tar file (deploy/tar/prepare) [] []
[2022-06-15T19:04:11.346331+00:00] magephp.INFO: tar cfzp /tmp/mageNoyca2 --exclude=".git" --exclude="./var/cache/*" --exclude="./var/log/*" --exclude="./web/app_dev.php" --exclude="./node_modules" --exclude="./storage/app/" --exclude="./storage/logs/" --exclude="./storage/framework/cache/*" --exclude="./storage/framework/sessions/*" --exclude="./storage/framework/views/*" ./ [] []
[2022-06-15T19:04:13.523590+00:00] magephp.DEBUG:  [] []
[2022-06-15T19:04:13.523876+00:00] magephp.DEBUG: Task [Deploy] Preparing Tar file (deploy/tar/prepare) finished with OK [] []
[2022-06-15T19:04:13.524623+00:00] magephp.DEBUG: Running task [Release] Preparing Release (deploy/release/prepare) [] []
[2022-06-15T19:04:13.525047+00:00] magephp.INFO: ssh -p 22 -q -o UserKnownHostsFile=/dev/null -o StrictHostKeyChecking=no -i /var/www/html/deployment/key root@188.166.99.32 "mkdir -p /var/www/releases/20220615190403" [] []
[2022-06-15T19:04:15.408951+00:00] magephp.DEBUG:  [] []
[2022-06-15T19:04:15.409377+00:00] magephp.DEBUG: Task [Release] Preparing Release (deploy/release/prepare) finished with OK [] []
[2022-06-15T19:04:15.409620+00:00] magephp.DEBUG: Running task [Deploy] Copying files with Tar (deploy/tar/copy) [] []
[2022-06-15T19:04:15.409922+00:00] magephp.INFO: scp -P 22 -q -o UserKnownHostsFile=/dev/null -o StrictHostKeyChecking=no -i /var/www/html/deployment/key /tmp/mageNoyca2 root@188.166.99.32:/var/www/releases/20220615190403/mageNoyca2 [] []
[2022-06-15T19:04:21.258053+00:00] magephp.DEBUG:  [] []
[2022-06-15T19:04:21.258426+00:00] magephp.INFO: ssh -p 22 -q -o UserKnownHostsFile=/dev/null -o StrictHostKeyChecking=no -i /var/www/html/deployment/key root@188.166.99.32 "cd /var/www/releases/20220615190403 && tar xfzop mageNoyca2" [] []
[2022-06-15T19:04:23.942685+00:00] magephp.DEBUG:  [] []
[2022-06-15T19:04:23.943777+00:00] magephp.INFO: ssh -p 22 -q -o UserKnownHostsFile=/dev/null -o StrictHostKeyChecking=no -i /var/www/html/deployment/key root@188.166.99.32 "rm /var/www/releases/20220615190403/mageNoyca2" [] []
[2022-06-15T19:04:26.578601+00:00] magephp.DEBUG:  [] []
[2022-06-15T19:04:26.578937+00:00] magephp.DEBUG: Task [Deploy] Copying files with Tar (deploy/tar/copy) finished with OK [] []
[2022-06-15T19:04:26.579199+00:00] magephp.DEBUG: Running task [FS] Copy "/var/www/shared/.env" to ".env" (fs/copy) [] []
[2022-06-15T19:04:26.579454+00:00] magephp.INFO: ssh -p 22 -q -o UserKnownHostsFile=/dev/null -o StrictHostKeyChecking=no -i /var/www/html/deployment/key root@188.166.99.32 "cd /var/www/releases/20220615190403 && cp -p \"/var/www/shared/.env\" \".env\"" [] []
[2022-06-15T19:04:28.373558+00:00] magephp.DEBUG:  [] []
[2022-06-15T19:04:28.374290+00:00] magephp.DEBUG: Task [FS] Copy "/var/www/shared/.env" to ".env" (fs/copy) finished with OK [] []
[2022-06-15T19:04:28.375279+00:00] magephp.DEBUG: Running task [Release] Creating Symlink (deploy/release) [] []
[2022-06-15T19:04:28.375823+00:00] magephp.INFO: ssh -p 22 -q -o UserKnownHostsFile=/dev/null -o StrictHostKeyChecking=no -i /var/www/html/deployment/key root@188.166.99.32 "cd /var/www && ln -snf releases/20220615190403 laravel" [] []
[2022-06-15T19:04:30.147932+00:00] magephp.DEBUG:  [] []
[2022-06-15T19:04:30.148328+00:00] magephp.DEBUG: Task [Release] Creating Symlink (deploy/release) finished with OK [] []
[2022-06-15T19:04:30.149004+00:00] magephp.DEBUG: Running task [Release] Cleaning up old Releases (deploy/release/cleanup) [] []
[2022-06-15T19:04:30.149264+00:00] magephp.INFO: ssh -p 22 -q -o UserKnownHostsFile=/dev/null -o StrictHostKeyChecking=no -i /var/www/html/deployment/key root@188.166.99.32 "ls -1 /var/www/releases" [] []
[2022-06-15T19:04:31.892994+00:00] magephp.DEBUG: 20220615182657 20220615183001 20220615185725 20220615185853 20220615185919 20220615190022 20220615190403  [] []
[2022-06-15T19:04:31.893325+00:00] magephp.DEBUG: Task [Release] Cleaning up old Releases (deploy/release/cleanup) finished with OK [] []
[2022-06-15T19:04:31.893742+00:00] magephp.DEBUG: Running task [Deploy] Cleanup Tar file (deploy/tar/cleanup) [] []
[2022-06-15T19:04:31.893885+00:00] magephp.INFO: rm /tmp/mageNoyca2 [] []
[2022-06-15T19:04:31.900257+00:00] magephp.DEBUG:  [] []
[2022-06-15T19:04:31.900495+00:00] magephp.DEBUG: Task [Deploy] Cleanup Tar file (deploy/tar/cleanup) finished with OK [] []
